# Copyright:    Public domain.
# Purpose:      Part of the source code for YUL (revision 9),
# Contact:      Jim Lawton <jim.lawton@gmail.com>
# Page scans:   https://archive.org/stream/aurora00dapg#page/n777/mode/2up
# Pages:        778-790.
# Mod history:  2017-01-07 JL   Created, transcribed pages 778-790.


# Honeywell H-1800 YUL Memory Dump
#
# From AURORA12, November 10th, 1966.


# Page 778

FIXED START CALL                 FS BITS 1         PCR: 00005162    20650414


        BISEQ   BITS    00100100                DEMAND  BITS    00110101


  0 0000          6'0074  5'0400  6'1231  6'1633  6'0220  6'0221  6'1164  5'0102

  0 0010         -0'0002 -0'0000  5'0374  6'3435  B'1515  B'1515  B'1515  5'0200

  0 0020          6'1237  B'1515  B'1515  B'1515  B'1515  B'1515  B'1515  B'1515

  0 0030          B'1515  B'1515  B'1515  B'1515 -1 1377 -2'0420 -D'3107 -6'2061



  1 0000          6'1405  6'1415  6'1501  6'1501  7'1717  7'1725  6'1164  5'0102

  1 0010          4'1060  7'2400  6'1441  5'0037 -0 0000  6'1414  2'0011  5'0200

  1 0020         -0 0000  2'1737  2'0164  2'0165  7 0007  6'1405  2'0734  6'2724

  1 0030          6'1405  2 1625  1 0000  1 1266 -7'3777 -1 3777  2'0220 -1 3777



  2 0000         -0'0000 -0'0000  7'2506  7'2532  7'2721  7'2566  6'1164  5'0102

  2 0010          1'0000  7'2403  7'2415  6'3270  7'2417  6'0267  6'0000  5'0200

  2 0020          6'0074  B'1515  7'3047  7'3240  7'2505  6'1365  7'3262  B'1515

  2 0030          6'1501  6'3172  B'1515  B'1515  7'1344 -1 1377  7'1451 -1 1377



  3 0000          7'1552  7'1553  7'0305  7'0325  7'0304  7'0321  7'0776  7'0716

  3 0010          5'2700  7'1071  7'0100  7'0101  7'1240  7'1554  7'0127  5'0200

  3 0020          7'0672  B'1515  7'0207  7'0000  7'0101  7'0101  5'2700  5'3000

  3 0030         -0'0004  7'0262  5'2745  B'1515  6'3600  6'2370  7'2401  7'2162



  4 0000          6'1410  6'1415  6'1501  6'1501  7'1717  7'1725  6'1164  5'0102

  4 0010          2'1643  7'2337  1 0004  4 0146  7 1131  7 0006  7 1130  5'0200

  4 0020          7 1303  7 0031  7 0165  1 2766 -6 3775 -6 3775  4 0174  4 0166

  4 0030         -0'0000 -0 0000  G 0013 -0 0000  7'2651 -1 3777  7'1111 -1 3777



  5 0000          4'0467  5 0004  4'3061  4'2616  4'2537  4'2614  6'1164  4'3674

  5 0010          4'0443  4'0657  3'2240  4'0660  4'0725  0'0035  4'3545  5'0200

# Page 779

  5 0020          4'1343  1 2550  7'3631  6'1404  2 0627  4'1450 -0'0001  4'2272

  5 0030         -G 3777  5 0425 -0'0020 -0'0000  4'2371 -1 1377  4'2605 -1 1377



  6 0000          6'1412  6'1414  6'1501  6'1501  7'1717  7'1725  6'1164  5'0102

  6 0010          4 2720  7'2320  F 1112  6 2144  E 0000  4 0000  D 3760  5'0200

  6 0020          7 0475  7 0026  E 0041 -D 0017  B 2011 -7 0503  7 3604  7 3603

  6 0030          0 0020  B'1515  6 3722  6 3760  0'0012  0'0113  0 0000 -1 3777



  7 0000         -0'0000  6'3076  6'3066  6'3252  6'3072  6'3250  6'0540  5'0102

  7 0010          7'0013  6'3400  6'0362  5'0200  6'0366  6'0516  7'0016  5'0200

  7 0020          6'0321  B'1515  B'1515  B'1515  B'1515  B'1515  B'1515  B'1515

  7 0030          B'1515  B'1515  B'1515  B'1515 -5'3444 -1 1377  5'3304 -1 1377



  5'0200          WD 2135 1000 0120 0002  WA 2515 0117 0604 0002  WA 2515 0017 0604 0002  TS 2204 0602 0001 0772

  5'0204            EOR.                  TS 6004 7777 7777 1216     0000 0000 0000 0000     7407 0212 0000 1264

  5'0210          WA 2515 0217 0604 0002     4162 2543 2523 6315     0000 0000 0000 0000  WA 2515 0004 0773 0004

  5'0214          WA 2515 0004 0773 0004  TS 2604 0004 0031 1175  WA 6515 0417 0747 0003     7417 0012 7777 7777

  5'0220          TS 2604 0000 0001 0772  TX 6120 0756 7777 0003  TX 6120 0757 7777 0003  TS 6004 7777 7777 1220

  5'0224          TS 2004 7777 7777 1230     0000 0000 4013 7777     0000 0000 4013 7765     7427 0356 7777 7777

  5'0230          WA 6515 0017 0747 0003 SM, 3145 2144 2515 1515     1515 1515 1515 1515     7777 7777 7777 7777

  5'0234         SM, 4645 2144 2515 1515     1515 1515 1515 1515     7777 7777 7777 7777     7437 1446 0000 6400

  5'0240          TS 2004 3002 0002 1225     0000 0000 4012 4300     0000 0000 4012 4370     0000 0000 4012 4200

  5'0244         FBAE0101 3301 0033 0606     2163 2061 0000 0000     0000 0000 0010 4000     0407 0304 0203 1515

  5'0250          TS 6204 0352 0000 1212  TX 2120 0761 7777 0002  TX 6120 0760 7777 0003  TS 2404 0002 0001 1227

  5'0254         MPC 2200 7777 0000 7777     0000 0000 0013 0026  TS 2004 7777 7777 1171  LA 2334 0774 0001 0041

  5'0260         EBA 3513 0001 7461 0002     0000 0000 4000 0000     0000 0000 0017 4000     0000 0000 0013 7777

  5'0264             0000 0000 4000 0200     0000 0000 0000 0001 FBAE0001 0333 0013 6403     0000 0000 0000 0000

  5'0270          TS 2004 0025 0003 1227     0000 0000 0000 0000     6247 2123 2515 1515     5413 6260 6133 1365

  5'0274         FBA 5201 1250 0713 5660     0000 0265 6473 6505  TX 6120 0277 7777 0003     0000 0000 0013 2040

  5'0300             0000 0000 0000 7000     1107 0364 4520 0370 SWS 2406 0000 0021 7434 SWS 2306 0000 0022 7430

# Page 780

  5'0304             0000 0000 0000 0000     0000 0000 0000 0000     0000 0000 0000 0000     0000 0000 0000 0000


                PRECEDING LINE IS REPEATED, UNTIL:


  5'0324             0000 0000 0000 0000  TS 2004 3003 0002 1225  RF 6072 7777 7777 7777  TX 6520 0005 7777 0003

  5'0330          SS 0006 0164 0116 0521  TS 2204 0653 0017 0022 HA, 2165 2131 4321 2243  WA 2515 0417 0604 0002

  5'0334             0000 0000 0012 5536  WD 6135 0767 0120 0003  TX 2120 0753 7777 0002     7537 0205 7777 0215

  5'0340          TS 2004 0050 0001 1227     0000 0000 0000 0000  TS 2604 0004 0010 1514  TS 6204 0754 0003 7777

  5'0344          TX 2120 0755 7777 0002  TS 6604 0002 0000 0201 MPC 2600 0000 1401 7734     7547 0006 7777 0161

  5'0350         EBA 7113 0602 0602 0007  WA 2515 0217 0604 0002     0000 0000 0000 0047     0400 2400 7700 0000

  5'0354         DA, 6141 0000 0571 4000 LA, 1074 0000 0000 0000     0000 0000 0000 0000  TS 2004 3002 0007 1225

  5'0360             0021 2424 0000 0004     0021 2424 0000 0004  TS 2004 7777 7777 1155  TS 2004 3003 0003 1225

  5'0364             0000 0000 0000 0000     0000 0000 0000 0000     0000 0000 0000 0000     0000 0000 0000 0000

  5'0370          DA 6201 0250 0050 0420 FDSU3031 6263 4651 7015     2163 1461 1410 0011  WF 1156 6470 0000 0000

  5'0374          DA 6601 0070 7070 0000 PR* 6646 5142 2551 1515     0000 0000 2147 0000     0000 0000 0000 0000

  5'0400          DA 6401 0050 0050 0000     2143 4645 6146 1515 TS, 2144 3562 2403 0000  RW 1342 6777 7777 7777

  5'0404         FBAE0001 0000 0000 0000     0000 0000 0000 0000     0000 0000 0000 0000     0000 0000 0000 0000

  5'0410          DA 6601 0070 7070 0000 PR* 6646 5142 2551 1515     0000 0000 0164 0000     0000 0000 0000 0000

  5'0414         FBAE4501 0063 0063 0000     4421 5162 5146 6315     2163 2024 0471 0001  RB 1652 6464 3100 0000

  5'0420             4502 0060 0063 0000     4521 4562 6346 4525     2163 2043 0005 0567  RF 2172 6450 0000 0000

  5'0424         SPS 6602 0070 7070 0000 PR* 6646 5142 2551 1515     0000 0000 2563 0000     0000 0000 0000 0000

  5'0430         SPS 6202 0273 0073 0022     6263 4722 2662 2721     2163 1462 1021 0002     0000 0000 0000 0000

  5'0434         SPS 6202 0273 0073 0021     6263 4722 2662 2721     2163 1462 2111 0001     0000 0000 0000 0000

  5'0440             7777 0077 0651 0001     0000 0000 0000 0000     0000 0000 0000 0000  TS 2604 0004 0000 7536

  5'0444             0000 0000 0000 0000  TS 2104 7777 7777 0040  TX 6120 0751 7777 0003     0000 0000 0000 0000

  5'0450          TS 2004 0052 0002 1227 PR* 4446 5131 2151 6370     0000 0103 0000 0001     0000 0000 0000 0000

  5'0454             0000 0077 4012 3544     0000 0000 0000 0000  RW 4242 4154 5446 0040 HA, 2165 2131 4321 2243

  5'0460             1562 4721 2325 1515     7300 0000 0000 0000     0000 0000 4012 5014  TX 6120 0765 7777 0003

  5'0464          TX 6120 0766 7777 0003 HA, 2165 2131 4321 2243 EBA 3013 7777 7777 7777 HA, 2165 2131 4321 2243

  5'0470         HA, 2165 2131 4321 2243 HA, 2165 2131 4321 2243 HA, 2165 2131 4321 2243 HA, 2165 2131 4321 2243

  5'0474         HA, 2165 2131 4321 2243 HA, 2165 2131 4321 2243     0000 0000 0000 0000     7677 0000 0170 0001

# Page 781

  5'0500          TS 2004 1003 0001 1225 HA, 2165 2131 4321 2243     0000 0000 0010 0035  TS 6004 7777 7777 1222

  5'0504          TS 2104 7777 7777 0041 HA, 2165 2131 4321 2243     0000 0000 0000 0000     0000 0000 0000 0000

  5'0510             0000 0000 0000 0000     0000 0000 0000 0000     0000 0000 0000 0000     0000 0000 0000 0000

  5'0514             0000 0000 0000 0000  TS 2004 3002 0004 1225 MPC 2600 0000 1401 7734     0000 0000 0000 0000

  5'0520          TS 2004 3001 0004 1225     4000 2070 0077 0001     0777 3000 7700 4007 NN, 1550 0000 0163 0000

  5'0524          TS 2004 3002 0010 1225  TS 6004 7777 7777 1210     0000 0000 0013 4000     7727 1317 0210 7777

  5'0530          WA 2515 0117 0605 0002  WD 6135 0763 0120 0003 DS, 1461 0000 0000 7560     0000 0000 0000 0000

  5'0534             0000 5162 2065 0414  TX 2120 0762 7777 0002     0000 0000 0000 0000     7737 3761 7777 7777

  5'0540          TS 2004 0041 0001 1227  TX 6120 0752 7777 0003     0000 0000 0000 0000     0000 0000 0000 0000

  5'0544             0000 0000 0000 0000     0000 0000 0000 0000     0000 0000 0000 0000     0000 0000 0000 0000


                PRECEDING LINE IS REPEATED, UNTIL:


  5'0554             0000 0000 0000 0000  TX 2120 0770 7777 0002  SS 0006 5265 1777 0000     7757 4400 0001 1207

  5'0560          WA 2515 1117 0604 0002     0000 0000 0000 0000     0000 0000 0000 0000     0000 0000 0000 0000

  5'0564             0000 0000 0000 0000     0000 0000 0000 0000     0000 0000 0000 0000     7767 4400 4001 0603

  5'0570          WA 2515 1117 0604 0002  WD 6535 0003 0120 0003  TX 2020 7773 7777 7772  TX 2020 7773 7777 7772

  5'0574             0000 0000 0000 0000     0000 0000 4013 1164     0000 0000 4012 4102     0000 0000 0000 0000

  5'0600         MPC 2600 0001 1401 7735     2143 4315 0712 6215     0000 0000 0000 0000     0000 0000 0000 0410

  5'0604             0000 0000 0000 0407     0000 0000 0000 0406  WA 2515 0017 0773 0017  WA 2515 0017 0773 0017

  5'0610          TS 2004 0652 0610 7777 MPC 2300 0000 2000 0142     0000 0000 0000 0000 EBA 3413 0000 0602 0700

  5'0614          WA 2315 0613 0142 0000     0000 0000 0010 4000  SS 0106 0612 0103 0140 EBA 3513 0004 0602 0140

  5'0620         EBA 3513 0005 0602 0140 EBA 3513 0007 0602 0140  WD 2535 0000 0173 0005  LA 2434 0040 0602 0626

  5'0624          NA 2414 0400 0651 0623  TS 2204 0650 0000 0623  SS 0406 0000 0647 0613  NA 2014 0740 0602 0633

  5'0630         PR* 0046 0631 0200 0632  DS 2321 5124 1524 4447 MPC 2200 0001 1400 7777  WD 2535 0017 0653 0004

  5'0634          TX 2120 0576 7777 0007  TX 2120 0653 7777 0017  EX 0516 0004 0647 0000  WA 2515 0000 0646 0000

  5'0640          TS 2004 0602 0612 7777  TX 2020 1003 7777 0610 SSL 2426 0004 0542 0643  TX 2520 0040 7777 0002

  5'0644         SWS 2506 0040 2066 0002 SWS 2506 0040 4066 0002     0000 0000 0012 4751     0000 0000 0000 0037

  5'0650             0000 0000 0012 4700     0000 0000 0012 4740  WD 2535 0002 0120 0002     0000 0000 0012 4200

  5'0654             0000 0000 0010 0000     0000 0000 0010 0000     0000 0000 4013 1633     0000 0000 4012 4256

  5'0660             0000 0000 4000 4766     0000 0000 4000 5330     0000 0000 4001 6235     0000 0000 0000 0000

# Page 782

  5'0664             0000 0000 0000 0000     0000 0000 0000 0000     0000 0000 0000 0000     0000 0000 0000 0000


                PRECEDING LINE IS REPEATED, UNTIL:


  5'0700             0000 0000 0000 0000     0000 0000 4013 3161     0000 0000 4013 3175     0000 0000 4012 4102


                PRECEDING LINE IS REPEATED, UNTIL:


  5'0714             0000 0000 0000 0000     0000 0000 4013 3162     0000 0000 4013 3163     0000 0000 4012 4102

  5'0720             0000 0000 0000 0000     0000 0000 4013 2005     0000 0000 4013 3166     0000 0000 4012 4102

  5'0724             0000 0000 0000 0000     0000 0000 4013 3162     0000 0000 4013 3163     0000 0000 4012 4102

  5'0730             0000 0000 0000 0000     0000 0000 4013 2005     0000 0000 4013 3166     0000 0000 4012 4102

  5'0734             0000 0000 0000 0000     0000 0000 4013 3161     0000 0000 4013 3175     0000 0000 4012 4102

  5'0740          WA 6515 0017 0773 0017  WA 6515 0017 0773 0017 EBA 7513 0002 0602 0005  TX 2120 0744 7777 0002

  5'0744             0000 0000 0012 4610     0000 0000 0000 0542     0000 0000 0000 0541     0000 0000 0000 0540

  5'0750             0000 0000 0000 0000 WD, 5475 7662 4353 1635  RF 5472 1661 3533 1456     0000 0265 1213 1616

  5'0754         FBD 5505 1262 5613 1630     5516 2660 5233 5713 HA, 5465 3652 5653 1524 HA, 5465 1263 2413 0203

  5'0760             0000 0263 2633 2706     0000 0000 0013 2675     0000 0260 5313 0264     0000 0000 0012 5225

  5'0764             0000 0000 0000 0000     0000 0263 5033 1515     0000 0000 0013 0202     0000 0000 0012 5227

  5'0770             0000 0000 0013 1540     0000 0000 0000 0000  WA 2515 0317 0605 0002     0000 0000 0000 0040

  5'0774             0000 0000 0010 0000     0000 0000 0000 0777     0000 0000 0000 3777     0000 0000 0007 4000

  5'1000             0000 0000 0013 2720  LA 2034 0612 0602 1003  TS 2004 7777 7777 1001  TS 2004 0652 0610 7777

  5'1004         MPC 2200 0000 2000 0612  WA 2115 0613 0615 0000  MT 0520 0145 0400 0140  TS 2604 0345 0245 7777

  5'1010          TS 2204 0602 0045 0622     0000 0000 0000 0000     0000 0000 0000 0000     0000 0000 0000 0000

  5'1014             5415 1515 1515 1515 CP, 7064 4315 4521 4562 PR* 6346 4525 1515 1515     1515 1515 1515 1515

  5'1020             1515 1515 1515 1515     1515 1515 1515 1515     1515 1515 1515 1515     1515 1515 1515 1515

  5'1024             1515 1515 1515 1515     1515 1515 1515 1515 SM, 3145 2144 2515 1515     1515 1515 1515 1515

  5'1030             7777 7777 7777 7777 SM, 4645 2144 2515 1515     1515 1515 1515 1515     7777 7777 7777 7777

  5'1034             0000 0000 0000 0000     0000 0000 0000 0000     0000 0000 0000 0000     0000 0000 0000 0000

  5'1040          RF 0672 5000 7777 4176  RF 0072 7777 7777 7777     0000 0000 0013 0656     0000 0000 4002 1476

  5'1044          RF 0072 5022 0412 5143     0000 0000 4000 7674     0000 0000 4003 5130     0000 0000 4002 7000

  5'1050             0000 0000 4002 6000     0000 0000 4002 5000     0000 0000 4002 5000     0000 0000 4003 4000

# Page 783

  5'1054             0000 0000 4000 4000     0000 0000 4013 1164     0000 0000 0000 0000  RF 1272 5000 7777 7777

  5'1060          TX 2520 0004 7777 0002  TS 6604 0005 0003 7777  RF 0172 7777 7777 7777  RF 0072 7777 7777 7777

  5'1064             0000 0000 0013 0652     0000 0000 4000 6746  RF 0072 7022 0512 5100     0000 0000 4000 7674

  5'1070             0000 0000 4003 5130     0000 0000 4002 1645     0000 0000 4002 6000     0000 0000 4002 4000

  5'1074             0000 0000 4003 4121     0000 0000 4003 4000     0000 0000 4000 4000     0000 0000 4013 1164

  5'1100             0000 0000 4002 4000  RF 2172 7777 7777 7777  TX 2520 0004 7777 0002  TS 6604 0005 0003 7777

  5'1104          WF 0156 7777 7777 7777  WF 0056 7777 7777 7777     0000 0000 0013 0666     0000 0000 4013 7262

  5'1110          WF 0056 5023 0412 5122     0000 0000 4012 4102     0000 0000 4003 5130     0000 0000 4000 5326

  5'1114             0000 0000 4001 1615     0000 0000 4003 0726     0000 0000 4012 4374     0000 0000 4012 4304

  5'1120             0000 0000 4003 4000     0000 0000 4013 1164     0000 0000 4003 0726  WF 1256 7777 7777 7777

  5'1124          TX 2520 0004 7777 0002  WF 0156 7777 7777 7777  WF 0056 7777 7777 7777     0000 0000 0013 0662

  5'1130             0000 0000 4013 7262  WF 0056 5022 0512 5143     0000 0000 4012 4102     0000 0000 4003 5130

  5'1134             0000 0000 4002 1645     0000 0000 4002 6000     0000 0000 4002 4000     0000 0000 4012 4420

  5'1140             0000 0000 4012 4305     0000 0000 4003 4000     0000 0000 4013 1164     0000 0000 4002 4000

  5'1144          WF 2156 7777 7777 7777  TX 2520 0004 7777 0002  TS 6604 0002 0145 7777  TS 6604 0005 0003 1151

  5'1150          TS 6604 0040 0145 7777  LA 6234 1607 0005 1153  TX 2420 0005 7777 1606  WD 2235 1607 0043 1606

  5'1154             0000 0000 0000 0070  EX 0016 7721 0135 1170  NA 2014 1170 0135 1164  EX 0516 0045 0121 0001

  5'1160          NA 2414 0045 0120 1165 EBA 3513 0005 1571 0000  TS 6404 0102 7777 7535     0000 0012 0002 0000

  5'1164          TS 2004 3001 0006 1225  NA 2414 0045 1167 1164  TS 2004 7777 7777 1161     0000 0000 0000 0015

  5'1170             0000 0000 0000 0000 EBA 3413 0003 0602 0656 EBA 3413 0005 0602 0657  TS 6004 7777 7777 1202

  5'1174         SWE 2116 1201 4066 0002 EBA 3413 0003 0602 0656 EBA 3413 0005 0602 0657  TS 6204 0206 0032 1202

  5'1200         SWE 2116 1201 2066 0002     5403 0660 1313 0242 EBA 7413 0000 0602 0654 EBA 7413 0001 0602 0655

  5'1204         EBA 7413 0006 0602 0660 EBA 7413 0007 0602 0661 EBA 7413 0010 0602 0662  TX 6120 1201 7777 0003

  5'1210         EBA 7513 0004 0602 0005  TS 2004 0005 0001 1227  TX 6020 1215 7777 0352 EBA 7513 0004 0602 0005

  5'1214          TS 2004 3001 0010 1225     0000 0000 0000 0047 EBA 7513 0004 0602 0005  TS 2004 3005 0002 1225

  5'1220         EBA 7513 0004 0602 0005  TS 2004 3003 0007 1225 EBA 7513 0004 0602 0005  TS 2004 3001 0002 1225

  5'1224         EBA 7513 0002 0602 0004  WA 2515 0317 0604 0002 EBA 7513 0005 0602 0004  WA 2515 0517 0604 0002

  5'1230          LA 2334 0140 0145 0045  TS 2004 7777 7777 1230 EBA 3513 0005 0602 0000  NA 2414 0140 0602 1235

  5'1234          LA 2334 0140 0140 0040 EBS 3533 0000 0120 0000 SWS 2506 0040 2040 0040 SWE 2516 0040 0023 0001

  5'1240         SWE 2516 0040 0024 0040  LA 2434 0001 0602 1233  LA 2234 0105 0001 1233  SS 0506 0001 0776 0050

# Page 784

  5'1244         EBA 3513 0050 0602 0001 SSL 6426 0041 1542 1251 SSL 6426 0041 1542 1251 SSL 6426 0041 1542 1251

  5'1250          TS 2004 7777 7777 1233 SWS 2506 0041 2040 0041 SSL 6426 0041 1342 1254 SWS 2506 0041 2040 0041

  5'1254         SWS 2506 0041 2040 0041  SS 4506 0203 0777 0041  SS 4106 7425 1261 0041  SS 4106 7425 1261 0041

  5'1260         SWS 2506 0041 2040 0041     0000 0000 0004 0000 PR* 0046 7462 0204 7777 EBA 3113 7464 0602 0017

  5'1264          TS 2604 0004 0002 7777     0000 0000 0000 0000     0000 0000 0000 0000     0000 0000 0000 0000

  5'1270             0000 0000 0000 0000     0000 0000 0000 0000  TS 2604 0105 0000 1273 EBS 3533 0045 0120 0005

  5'1274         SWE 2516 0045 3345 0003  WA 2515 0003 1536 0003 SWS 2406 0045 0334 1277 SWE 2516 0043 2074 0004

  5'1300          LA 2634 0142 0004 1331     0000 0000 0003 0000 EBA 3513 0010 0602 0003  WA 2515 0004 1537 0010

  5'1304          LA 2034 4001 0602 1310 EBA 3513 0003 0602 0010  TS 6004 7777 7777 7646  TS 2604 0000 0005 1272

  5'1310         MPC 2000 0000 2000 4001 SWS 2406 0045 3005 4001 NA, 0554 4001 4002 1326  WA 2015 1540 1541 1540

  5'1314          SS 0006 1540 0130 4002 EBA 3413 0001 0602 4075 EBA 3413 0006 0602 4076  TX 2420 0040 7777 4071

  5'1320          TS 2204 0602 0140 7777  TN 1420 0040 0300 4072  TX 2520 0010 7777 0004 EBA 3513 0003 0602 0050

  5'1324         SWS 2506 0004 0515 0004  TS 2604 0004 0007 4003  TX 2020 0602 7777 4001 EBA 3513 0003 0602 0010

  5'1330          TS 2604 0000 0005 1272 EBA 3513 0010 0602 0003 SWE 2116 1622 0074 0004  WA 2515 0004 1537 0010

  5'1334          LA 2034 4001 0602 1336  TS 2004 7777 7777 1305 MPC 2000 7777 2000 4001  TX 2420 0000 7777 1561

  5'1340          NA 2014 1564 0602 1411 SWE 2516 0045 3345 0000  WA 2515 0000 1536 0000 SWS 2406 0045 0334 1344

  5'1344         SWE 2516 0040 2074 0000  LA 2234 1301 0000 1351  TS 2004 0602 4001 7777 EBA 3513 0003 0602 0010

  5'1350          TS 2204 1561 0005 1272 SWE 2416 0000 2241 1556 TX, 1060 0110 7777 1556 EBA 3413 0001 0602 4075

  5'1354         EBA 3413 0006 0602 4076  TX 2120 0575 7777 0006 EBA 3413 0011 0602 1574 EBA 3413 0012 0602 1575

  5'1360         SWE 2516 0000 0615 0004  LA 2434 0004 0602 1363  WA 2515 0004 1543 0005  TX 2020 0102 7777 1576

  5'1364          TS 2604 0010 0002 1323     0000 0000 0000 0000     0000 0000 0000 0000     0000 0000 0000 0000

  5'1370             0000 0000 0000 0000     0000 0000 0000 0000     0000 0000 0000 0000     0000 0000 0000 0000


                PRECEDING LINE IS REPEATED, UNTIL:


  5'1410             0000 0000 0000 0000 SWE 2116 1564 2066 0000 LA, 2374 0123 1564 1421  MT 0120 0602 0300 0140

  5'1414          WA 2715 0000 0142 0000     0000 0000 0000 0074 SWE 2516 0040 0066 0000 SWE 2116 1564 0066 0004

  5'1420          NA 2614 0000 0004 1413  MT 0120 0602 0300 0140  TS 2004 0602 1564 1341     0000 0000 0000 0000

  5'1424          WA 2515 0010 1562 0010  LA 2234 1550 0010 1435  LA 2034 1554 4002 1424  NA 2014 4001 0602 1424

  5'1430          EX 0016 4002 1542 1435 NA, 0454 1435 0602 1424 SWS 2406 0010 0066 1554  LA 2034 4002 0602 1436

  5'1434         TS, 3044 4002 1554 1424     1403 0004 1403 0060  LA 2034 0140 1554 1441  TX 2120 1554 7777 0010

# Page 785

  5'1440          LA 2034 4001 0602 1443  WA 2115 1537 1562 0010  TS 2004 0140 1554 1427 MPC 2200 7777 2000 4001

  5'1444          LA 2034 4002 0602 1454 SWE 2116 4077 4445 0001  TS 6204 4002 0000 1455  TS 2004 0602 4002 7777

  5'1450         NA, 2354 4077 0123 1452  TS 2204 1554 0010 1454  TS 2204 4077 0010 7777  TS 2004 0602 4001 1447

  5'1454          TX 2120 1553 7777 0002 SWE 6516 0000 0345 0005  WA 6515 0005 1536 0005 SWS 6406 0000 3334 1460

  5'1460         SWS 6406 0045 2040 1435 SWS 6406 0001 5274 1435 WD, 7475 1555 1460 1463 SWS 6006 1435 4040 1435

  5'1464          TS 2204 1435 0045 7777 SWE 2116 1564 2066 0010 LA, 1674 1556 0602 1472 SWE 2116 1556 4415 0000

  5'1470          WA 2515 0000 1543 0000 SWS 2406 0040 0005 4002 SWE 2116 1537 0066 0001  WD 2735 0010 0001 0001

  5'1474         SWE 2516 0001 0645 0001 SWE 2116 4002 0005 0000  TS 6004 7777 7777 1455  TS 2004 0602 1564 7777

  5'1500          TX 2020 0602 7777 4001  TX 2120 1561 7777 0000  TX 2120 1565 7777 0010 EBA 3113 1574 0602 0011

  5'1504         EBA 3113 1575 0602 0012 EBA 3113 4075 0602 0001 EBA 3113 4076 0602 0006  TS 2004 0602 4001 7777

  5'1510          TS 2004 0602 1576 7777 EBA 3513 0050 0602 0010  TS 6004 7777 7777 7543  TS 2004 7777 7777 1566

  5'1514          SS 0106 0602 0115 0010  TS 2204 0576 0007 1517 SWS 2106 4077 2066 0010 NA, 1254 4077 0112 1516

  5'1520         EBA 3113 4071 0602 0000 EBA 3113 4075 0602 0001 EBA 3113 4076 0602 0006 SWE 2116 4074 3045 0004

  5'1524         EBA 3113 4074 0602 0007  TS 6004 0602 4001 7543  SM 2205 0262 0004 0262  NA 2414 0004 0602 1533

  5'1530         EBA 3113 4073 0602 0003 EBA 3513 0050 0602 0010  TS 2104 7777 7777 0043 EBA 3113 7464 0602 0017

  5'1534         PR* 0046 0262 0204 1530     0000 0000 0000 0000     0000 0000 0012 5622  RF 5472 5257 4012 5600

  5'1540          SS 0006 7553 0000 0000     0000 0001 0000 0000     0000 0000 2001 0000     0000 0000 0012 5364

  5'1544             0000 0000 0013 1404     5724 2663 2033 2451     4431 4562 2163 0000     0000 0000 0420 0000

  5'1550             0000 0000 0013 0000     0000 0000 0010 0000  TS 2404 0004 1553 1441     0000 0000 0012 5744

  5'1554          SS 0006 7507 7772 6600     0000 0000 6000 0000     0300 7657 4017 7777     0000 0112 0000 0000

  5'1560             0000 0000 0000 0000     0000 0000 0012 4720     0000 0000 0000 0100  TS 2204 0576 0007 1465

  5'1564             0000 0000 0000 0000     0000 0000 0012 5700  TS 2004 7777 7777 1307     0000 0000 0000 0000

  5'1570             0000 0000 0000 0001     0000 0000 0000 0002     0000 0000 0000 0003     5727 7261 6713 1151

  5'1574             0000 0000 4012 5536     0000 0000 0013 0322     0000 0000 0000 0000     5476 0261 2332 4022

  5'1600         LA, 5474 4675 6413 2005  CC 5210 0300 4012 7777 TX, 5460 2200 4013 1456     5716 6660 5513 6300

  5'1604             0000 0000 0000 0000 PR* 5246 3260 6433 0561     0000 0000 0010 0000     0000 0000 0010 0000

  5'1610             0000 0000 0000 0000     0000 0000 0000 0000     0000 0000 0000 0000     0000 0000 0000 0000


                PRECEDING LINE IS REPEATED, UNTIL:


  5'1620             0000 0000 0000 0000     0000 0000 0000 0000     1403 0060 0010 0160     1403 0060 1403 0060

# Page 786

  5'1624             1403 0060 1403 0060     1403 0060 1403 0060     1403 0060 0077 0060     0057 0060 1400 1460

  5'1630             1403 0060 1403 0060     1403 0060 1403 0060     1403 0060 1400 0560     1403 0004 1403 0060

  5'1634             1403 0060 1403 0060     1403 0060 1403 0060     1403 0060 1403 0060     1403 0060 1403 0060

  5'1640             1403 0060 1403 0060     1403 0060 0107 0060     1403 0060 0064 0760     1403 0060 1403 0060

  5'1644             1403 0060 1403 0060     1403 0060 1403 0060     1403 0060 1403 0060     1403 0060 1403 0060

  5'1650             1403 0060 1403 0060     1403 0060 1403 0060     0000 0000 0000 0000     0000 0000 0000 0000

  5'1654             0000 0000 0000 0000     0000 0000 0000 0000     0000 0000 0000 0000     0000 0000 0000 0000


                PRECEDING LINE IS REPEATED, UNTIL:


  5'1700             0000 0000 4012 7300     0000 0000 0000 0000     0000 0000 2000 0011 EBA 3413 0011 4067 4061

  5'1704         EBA 3413 0012 4067 4062  TX 2120 7534 7777 0011  TX 2420 0010 7777 4427 SWE 2016 7553 0021 4065

  5'1710         SWE 2416 0045 0015 4421  WA 2015 4421 4065 4065 SWE 2416 0045 1420 4422  TS 2404 0007 4063 4023

  5'1714             7777 7777 7777 7777     0000 7777 0000 0000     0000 0377 7760 0000     0000 0000 0007 7777

  5'1720             0000 0000 0000 7777     0077 7777 0000 0000     0000 0000 0017 7777  TS 6604 0010 0012 5060

  5'1724          TS 2004 5014 5064 4414  TX 2120 5063 7777 0007 SWS 2406 0010 4016 5064  TS 2004 5064 4426 5032

  5'1730         TS, 1744 4420 4426 7777  TS 2204 4426 0010 7777  TS 6004 5067 5066 5033  RF 3172 4000 5065 5034

  5'1734          WD 6035 4422 4432 4422  WA 6015 5065 5071 5065  NA 6014 5066 5067 5047 SWS 6006 5064 4016 4420

  5'1740         SWS 6006 5022 0022 4420  LA 6034 4422 5067 5047  TX 6120 7776 7777 0007  TS 2404 0010 5064 4414

  5'1744          TX 2120 5063 7777 0007 SWS 2406 0010 0022 4420  TS 6204 5064 0010 5047  RF 3172 7777 7777 4025

  5'1750         PR* 0046 5051 0200 7456 BA, 2451 2521 2425 5151  TS 2004 4420 4077 5053  NA 2014 4422 5067 5030

  5'1754          TX 2520 0011 7777 0010 EBA 3113 5061 5067 0011 EBA 3113 5062 5067 0012  TS 2004 7777 7777 4025

  5'1760          TX 2120 7776 7777 0007     0000 0000 4012 5536     0000 0000 0013 0322     0000 0000 0012 5736

  5'1764             0000 0000 0012 7600     0000 2514 0000 0000     0000 0000 0000 0000     0000 0000 0000 0000

  5'1770             0000 0000 0000 0000     0000 0001 0000 0000     1203 4755 6216 6455     0110 3521 6065 0503

  5'1774          EOI5240 0356 7351 3524     0000 0000 4012 7375     0000 0000 4013 0540  EOI5240 0356 7351 3524

  5'2000         MPC 2600 0000 1401 7734     7777 7777 7777 7777     0000 0000 0000 0012 EBA 3413 0011 4005 4015

  5'2004          TS 2204 4077 0011 4022     0000 0000 0000 0000     0000 0000 0000 0001     0000 0000 0007 7777

  5'2010             1515 1515 1515 1515     0000 0000 0017 7777     7777 7777 0000 0000     7700 0000 0000 0000

  5'2014             0077 7777 0000 0000     0000 0000 0000 0000     0000 0000 0000 0000     0000 0000 0000 0000

  5'2020             0000 0000 0000 0017     0000 0000 0000 0000 EBA 3413 0012 4005 4016 EBA 3413 0013 4005 4017

# Page 787

  5'2024         LA, 0774 4075 4020 4030  SS 0006 4012 4012 4015  TX 2020 7411 7777 4472  TS 2004 4010 4473 4042

  5'2030         NA, 0754 4075 4006 4037  TX 2020 4071 0000 4073 EBS 3133 4071 4006 0012  SS 0006 5000 4007 4071

  5'2034         EBA 3113 4071 4005 0012  TN 1020 5000 0200 4472 TS, 1244 5002 4015 4042 NA, 0754 4075 4465 4041

  5'2040          TS 2004 4071 4073 4032  TS 2004 4000 4071 4034  TX 2120 7534 0000 0012  TX 2020 5045 0000 4021

  5'2044         SWE 2116 4021 2011 0013  TS 2004 4005 4471 5400 MPC 2200 0000 2000 5403  SS 0006 4013 4013 5403

  5'2050         SWE 2016 4021 4011 4072  HA 2025 4472 4473 4400  BM 0013 4400 4400 4400  EX 0016 4400 4463 4400

  5'2054          WA 2015 4400 7553 4400 SWE 2016 4400 3014 4445 WA, 1455 4463 4445 4445 SWS 2006 7553 3014 4016

  5'2060         WA, 1455 4463 4016 4016 WA, 1255 4016 4464 4016  TS 2204 4021 0012 4403 WA, 1255 4470 4445 4445

  5'2064          TS 2204 4021 0012 4403 EBA 3113 4016 4005 0012 EBA 3113 4015 4005 0011 EBA 3113 4017 4005 0013

  5'2070          TS 2004 7777 7777 7542     0000 0000 0000 0000     0000 0000 0000 0000     0000 0000 0000 0000

  5'2074             0000 0000 0000 0000     0000 0000 0000 0000 MPC 6300 0433 1730 4305 WA, 6055 2511 4631 0473

  5'2100             0000 0000 0012 7776     7777 7777 7777 7777     0000 0000 0000 0172  TS 2204 5477 0016 7021

  5'2104          TS 2204 7702 0015 5405 SWE 2116 7445 0404 0052 SWS 2106 7445 5016 6401 SWS 2106 7445 3011 6402

  5'2110         SWS 2106 7445 0414 0040 SWS 2506 0010 4015 0040  WA 2015 5000 5471 5004  TX 2020 4436 7777 5021

  5'2114          TS 6004 7445 5415 7452 PR* 4446 4521 4664 6315 SWS 2006 4465 2620 5467     7727 5467 1620 7777

  5'2120         SWS 2006 5465 3023 5415     7727 5415 0610 7777     7727 5465 1620 7777 EBA 3113 4473 6031 0022

  5'2124          TX 2420 0162 0000 5415     7727 5415 0210 7777  TX 2420 0162 0000 5457 NA, 3654 4475 4436 5433

  5'2130         LA, 2274 7471 6031 5433 LA, 2174 7471 6031 5433     7727 5463 0210 5442  TX 2120 4475 7777 0001

  5'2134          TX 2020 5462 7777 5437  TS 6404 0102 7777 7535     0000 0033 0001 0000     0014 0000 0000 0035

  5'2140          NA 2014 5437 6031 5443     7727 5464 0210 7777  TS 2004 6031 4457 7456  NA 2014 5457 4411 5455

  5'2144         EBA 3413 0010 6031 4472  TX 2420 0007 7777 5400     7457 5415 7777 4472 EBA 3413 0001 6031 4472

  5'2150          TX 2120 5400 7777 0007 NA, 3654 4436 4475 7014  TS 2004 7777 7777 7456  TS 6404 0102 7777 7535

  5'2154             0000 7777 0001 0000  TS 2004 7777 7777 7402 MPC 6400 0050 0050 0076     7777 7777 7777 7777

  5'2160         SWS 2406 0010 5717 4461     7717 5415 4401 4450     1400 0000 0000 0001  DS 2221 5131 4564 6225

  5'2164         PR* 4546 1523 4651 2515     1515 1515 1515 1544     6443 6331 4146 2215 BA, 2751 4664 4715 0515

  5'2170         PR* 4346 2715 5215 1415     0000 0000 0005 0000     0000 0000 0000 0000     0000 0000 0000 0000

  5'2174             0000 0000 0000 0000     0000 0000 0000 0000     2037 7152 0714 4017     0300 7657 6012 7400

  5'2200             0000 0000 4012 0000     0000 0000 0000 0000  SS 0006 7515 0000 0033 EBA 3413 0011 4016 4072

  5'2204          TS 2604 0010 0011 4417     0000 0000 0000 0040     0000 0000 0000 0003     0000 0000 0000 0007

  5'2210             0000 0000 0000 0020     0000 0000 0000 0030     0000 0000 0000 0005     0000 0000 0000 0006

# Page 788

  5'2214             0000 0000 0000 0004     0000 0000 0000 0002     0000 0000 0000 0000 EBA 3113 4473 4416 0010

  5'2220          TX 2420 0050 7777 4432 SWS 2006 4475 5305 4432 SSL 2426 0050 0006 4423 TS, 0744 4413 4432 4426

  5'2224         TS, 0744 4412 4432 4426  TS 2004 7777 7777 4424  TX 2020 4432 7777 4437 NA, 1354 4415 4475 4431

  5'2230          TS 2004 7777 7777 4436 TS, 5144 4411 4432 7724     0014 0000 0000 0035  TS 2004 4432 4437 4442

  5'2234         NA, 1354 4414 4475 4436  TS 2004 7777 7777 4441 TS, 5144 4410 4437 7724     0014 0000 0000 0035

  5'2240          TS 2004 7777 7777 4442  TS 2004 4416 4437 4442 EBA 3413 0010 4416 4400 EBA 3113 4473 4416 0010

  5'2244          TX 2120 4437 7777 0150 EBA 3413 0010 4416 4473  TX 2520 0011 7777 0010 EBA 3113 4472 4416 0011

  5'2250          TS 2004 7777 7777 7542 DA, 5441 4435 5766 3707  EX 0216 4402 1470 4721  EOI5240 0356 7351 3524

  5'2254          EOI5240 0356 7351 3524  EOI5240 0356 7351 3524  EOI5240 0356 7351 3524  EOI5240 0356 7351 3524


                PRECEDING LINE IS REPEATED, UNTIL:


  5'2270          EOI5240 0356 7351 3524     0000 5123 0010 0000     0000 0000 4012 7700     0000 0000 4012 6140

  5'2274             0000 0000 4012 7776     0000 0000 4010 0000     0000 0000 4013 1164     0300 7777 7777 7777

  5'2300             0000 0000 4011 0000     0000 0000 0000 0000  SS 0006 7547 0000 0100 EBA 3413 0012 4051 4052

  5'2304         EBA 3413 0015 4051 4054  TX 2120 4077 7777 0012  TS 2204 4055 0015 5003     0077 0000 0000 0000

  5'2310             0000 7700 0000 0000     0000 0000 7700 0000     0000 0000 0077 0000     0000 0000 0007 7777

  5'2314             0000 7777 0000 0000     0000 0000 7777 0000     0000 0000 0000 7777     7777 7777 0000 0000

  5'2320             0000 0000 0017 7777     0007 0000 0000 0000     0000 0000 0000 0007     0000 0000 0000 0077

  5'2324             0000 0000 0077 7770     0000 0000 0077 7777     1717 1717 1717 1717 EBA 3113 4073 4051 0015

  5'2330          TN 1120 4060 0200 0255 EBA 3413 0015 4051 4073 EBA 3113 4054 4051 0015 EBA 3113 4053 4051 0013

  5'2334         EBA 3113 4052 4051 0012  TS 2004 7777 7777 7542 SWS 2006 4062 0407 4060 SWS 2006 4062 0610 4060

  5'2340         SWS 2006 4062 1611 4060 SWS 4002 4062 2012 4060 SWS 2006 4062 3023 4060 SWE 2016 4060 0026 4060

  5'2344         SWE 2016 4062 3016 5075 SWE 2016 4062 1414 5076  DM 0003 5076 4070 5076  DA 2001 5076 5075 4061

  5'2350          TS 2004 7777 7777 5030     0000 0000 0000 0000     0000 0000 4003 4121     0000 0000 4002 4000

  5'2354             0000 0000 4002 1645     0000 0000 0013 0000     0043 0000 0000 0000 TS, 0044 0000 0000 0000

  5'2360         FBA 1501 0114 0501 3304     0000 0000 0007 0424     0021 2424 0000 0004     0000 0000 0010 0000

  5'2364             0000 0000 0000 0074     0000 0000 0000 0005     0000 0000 0000 0006     0000 0001 0000 0000

  5'2370             7400 0140 0000 0000     0000 5022 4013 1405     0000 0000 4011 0100     0000 0000 4011 0102

  5'2374             0000 0000 4012 4102     0000 0000 4013 1435     0000 0000 4013 1164     0300 7777 7772 6400

  5'2400         MPC 2600 0000 1401 7734     7777 7777 7777 7777     0000 0000 0000 0101  TS 2404 6435 4062 7777

# Page 789

  5'2404         SWE 2416 6436 0322 5060 SWE 2016 4062 0013 4062 SWS 2006 4062 5524 5060  TX 2020 4062 7777 5061

  5'2410         EBA 3413 0013 4051 4053  WA 2015 7561 4062 4062 LA, 2574 4062 4064 5016  WD 2035 4062 4064 4062

  5'2414          DA 2201 4062 0442 4062     0000 0020 0000 0000 LA, 2574 2062 4065 4036  WD 2035 4062 4066 4062

  5'2420         DA, 1441 4062 4067 4062 LA, 1474 4062 5057 5012 DA, 1741 4062 5056 4062 LA, 0774 4062 4056 5012

  5'2424         DS, 1761 4062 4057 4062  TS 6404 0102 7777 7535     0000 0205 0002 0000  TS 2004 5027 5025 5016

  5'2430         NA, 2154 7723 4051 5050  TX 2020 4062 7777 7561  TS 2404 6435 5076 7777  TX 2120 4063 7777 6435

  5'2434         WD, 1375 5076 5061 5076 LA, 1374 5076 4051 5037 WA, 2255 7561 5002 7561  TX 2120 7534 7777 0015

  5'2440          WA 2115 6406 5062 0013 SWE 2116 6442 2020 0015 LA, 2574 4025 6400 5050  TS 6004 7777 7777 5051

  5'2444          TS 6604 0113 0015 5051  TS 6604 0113 0015 5051  TS 6604 0113 0015 5051  TS 6604 0013 0015 5051

  5'2450          TS 2004 7561 7560 4027 LA, 6574 4025 6400 5055 LA, 6574 5060 6400 5054 TS, 6544 4051 6400 5055

  5'2454         WD, 6575 6400 5060 6400  TX 2020 5075 7777 5075     0000 2000 0000 0000     0000 2631 0000 0000

  5'2460             0000 0000 0002 5750     0000 0000 0000 2575     0000 0000 0000 0046 BS, 0171 0117 5733 4372

  5'2464             4700 2216 4420 7777  EOI5240 0356 7351 3524  EOI5240 0356 7351 3524  EOI5240 0356 7351 3524

  5'2470          EOI5240 0356 7351 3524  EOI5240 0356 7351 3524  EOI5240 0356 7351 3524  EOI5240 0356 7351 3524

  5'2474          EOI5240 0356 7351 3524     0000 0000 0000 2424     0000 0000 0010 0000     0300 7654 6017 7777

  5'2500             0000 0000 4013 4000     0000 0000 0000 0000  SS 0006 7551 0000 0200  TS 2204 7534 0011 4013

  5'2504             0000 0000 0000 0007     0000 0000 0000 0017     0000 0000 0003 4000     0000 0000 0000 7400

  5'2510             0000 0000 0000 0077     0000 0000 0017 7777     4000 0000 0000 0000 SWS 2006 5734 3404 7722

  5'2514          WA 2115 4441 4432 0000  NA 2614 0052 0140 4021 NA, 0454 7722 4433 4020 SWS 2006 7721 3604 7722

  5'2520          LA 2434 0040 4431 4040  NA 2014 5001 4042 4025  TS 6404 0102 7777 7535     0000 0201 0001 0000

  5'2524          TS 2004 7777 7777 7542  NA 2014 5001 4043 4027 PR* 0046 5000 0200 7777  TX 2120 4006 7777 0000

  5'2530          NA 2414 0100 4432 4030 SWS 2106 4441 4011 0014 SWS 2106 4442 0011 0001 LA, 1274 4012 7721 4036

  5'2534         TS, 1244 4012 7721 7777  TN 1520 0054 0600 0041  TX 2120 4431 7777 0054  WA 2015 4073 4432 4073

  5'2540          WA 2015 4073 4432 4073  TS 2004 7777 7777 7542 MPC 2200 0003 1401 7734 MPC 2600 0001 1401 7734

  5'2544             0000 0000 0000 0004     0000 0000 0000 0000     0000 0000 0000 0000     0000 0000 0000 0000

  5'2550             0000 0000 0000 0000     0000 0000 0000 0000     0000 0000 0000 0000     0000 0000 0000 0000


                PRECEDING LINE IS REPEATED, UNTIL:


  5'2570             0000 0000 0000 0000     0000 1162 4012 4612     0000 0000 4013 0527     0000 0000 4013 0531

  5'2574             0000 0000 4012 4102     0000 0000 0010 0000     0000 0000 4013 0540     0300 7777 7777 7777

# Page 790

  5'2600         MPC 2600 0000 1401 7734     7777 7777 7777 7777     0000 0000 0000 0113 SWS 2106 4431 0010 0041

  5'2604          TS 2204 4075 0011 7542 SWE 2116 4071 0004 0000  WA 2515 0000 4406 0000 SWE 2516 0040 2004 0005

  5'2610          WA 2515 0005 4406 0000  LA 2434 0005 4431 6007  WA 2715 0040 0142 0001     0000 0000 0000 0011

  5'2614         SWS 2106 4406 0007 0001  TX 2420 1541 7777 4050  TS 2402 0041 4051 4026  WA 6215 4056 0143 4056

  5'2620             0000 0000 0000 2000 SWS 6006 4052 0111 4052  EX 4016 4050 4052 4054  SS 4006 4431 4052 4050

  5'2624          EX 4016 4053 4052 4055  NA 6014 4054 4055 6017  TS 2020 7777 7777 7777  BM 0713 1525 1303 0041

  5'2630         TS, 7144 0474 5504 6342  EOI5240 0356 7351 3524  EOI5240 0356 7351 3524  EOI5240 0356 7351 3524

  5'2634          EOI5240 0356 7351 3524  EOI5240 0356 7351 3524  EOI5240 0356 7351 3524  EOI5240 0356 7351 3524


                PRECEDING LINE IS REPEATED, UNTIL:


  5'2674          EOI5240 0356 7351 3524  EOI5240 0356 7351 3524  EOI5240 0356 7351 3524     0300 7657 4017 7777

  5'2700         MPC 2600 0000 1401 7734     0000 0000 0000 0000     0000 0000 0000 0000     2163 2043 2000 0001

  5'2704             0000 0000 0400 0000     0000 0000 0200 0000     0000 0000 0000 0000     2163 2043 2000 0001

  5'2710             0000 0000 0001 1432     0000 0000 0000 0000  TX 2420 0056 7777 6003  TX 2520 0004 7777 0002

  5'2714         TS, 1344 4423 4073 6016 SWS 2006 4423 4013 4073  TX 2120 6006 7777 0015  TX 2120 4053 7777 0014

  5'2720          TS 2204 4052 0011 7542  WD 6135 4427 4004 0016 NA, 5154 7001 6007 6027 NA, 4654 7001 6007 6027

  5'2724         NA, 5054 7001 6007 6027  LA 6434 0016 4427 6031  TS 6004 7001 6010 6032  NA 6414 0156 4051 6022

  5'2730          WD 2535 0016 4004 0016  TX 2420 0116 7777 7777  TX 6420 0056 7777 7001  TX 2120 6010 7777 0056

  5'2734          LA 2034 4011 6003 6015  TX 2120 4427 7777 0016 NA, 1154 7000 6003 6041 NA, 1054 7000 4051 4060

  5'2740         NA, 0654 7000 5400 6012  NA 2414 0156 4051 6036  TX 2020 4011 7777 4525 NA, 0654 6003 5000 6051

  5'2744         TS, 1344 6003 6403 6437  TS 6004 6003 6007 6021  TS 2004 7000 4525 6050  LA 2434 0056 4051 6014

  5'2750          TS 2204 7001 0156 6047  TS 2204 4427 0016 6053  LA 2434 0156 4051 6414 NA, 0654 7000 5000 6052

  5'2754         TX, 1160 4051 7777 4501  TX 2020 4013 7777 6403  TX 2120 4427 7777 0016  LA 2434 0056 4051 6404

  5'2760         NA, 0654 7000 5000 6070 NA, 1054 7000 4051 6063 TS, 1644 4016 4501 6070 NA, 0754 7000 4051 6067

  5'2764         LA, 1374 6403 7000 6070  SS 0006 4521 4521 4501 TS, 1344 7000 6403 6070 LA, 1374 5010 7000 6071

  5'2770          TS 2404 0116 7777 6057 TS, 1544 4015 4501 6070     0000 0000 0000 0000     0000 0000 0000 0000

  5'2774             0000 0000 0000 0000     0000 0000 0000 0000     0402 2336 5155 1355     0300 7655 4012 7000

  5'3000         MPC 2600 0000 1401 7734     0000 0000 0000 0000     0000 0000 0000 0000     0000 0000 0000 0001

  5'3004         LA, 1174 4501 4051 6415  EX 0216 4501 0142 6007     7077 0000 0000 0000  NA 2014 6007 4521 6411

  5'3010          TS 2402 0102 7777 6437 TS, 1344 5010 6403 6410 SWS 2006 4423 2013 4073  TS 2004 7777 7777 6016
