set ucliGUI::state
set ucliGUI::state
ucliCore::getToolPID
synopsys::env hasTB
trigger_hier_stack_context_switch 0
synUtils::setDVEInitPhase 1
synopsys::dump -type VPD -file /afs/ece.cmu.edu/usr/cabernar/Private/capstone/virtualagc/sv/inter.vpd -locking
synopsys::dump -autoflush on -fid VPD0
set ::dve_fid VPD0
synUtils::setDVEInitPhase 0
ucliCore::getToolPID
synUtils::sendTool -active _icl_setToolSocket /tmp/smlnpqKSDdo
synUtils::sendTool -active {_icl_start_rpc -version "K-2015.09_Full64" -sync_file /tmp/vcs_dve_rpc.cabernar.17391}
synUtils::sendTool -active {_icl_createSharedMemory /tmp/vcs_dve_general.cabernar.17391}
config endofsim noexit
config onfail enable all
config syscaddplainmembers
config syscaddsourcenames
config syscaddstructtypes
synopsys::listing -disable
synopsys::dump -add {TB.core.IO_read_data_E TB.core.alu_out_E TB.core.alu_src1_E TB.core.alu_src2_E TB.core.branch_E TB.core.clock TB.core.ctrl_D TB.core.ctrl_E TB.core.ctrl_F TB.core.ctrl_W TB.core.flush_DE TB.core.flush_E TB.core.flush_W TB.core.instr_D TB.core.next_pc_F TB.core.pc_1_F TB.core.pc_D TB.core.pc_E TB.core.pc_F TB.core.read_data_E TB.core.reset_n TB.core.stall_D } -aggregates  -fid VPD0
synopsys::run
set ucliGUI::state
set ucliGUI::state
set ucliGUI::state
set ucliGUI::state
if [catch {gui_sim_terminate}] {gui_sim_terminate -kill}
synopsys::finish
set ucliGUI::state
set ucliGUI::state
ucli_exit
