# Preference setting overrides
gui_create_pref_key -category {Globals} -key {load_detail_for_funcov} -value_type {bool} -value {false}

# State setting overrides
gui_state_default_create -off -ini
gui_set_state_value -category Layout -key child_console_size_x -value 1488
gui_set_state_value -category Layout -key child_console_size_y -value 176
gui_set_state_value -category Layout -key child_data_size_x -value 199
gui_set_state_value -category Layout -key child_data_size_y -value 475
gui_set_state_value -category Layout -key child_driver_size_x -value 1216
gui_set_state_value -category Layout -key child_driver_size_y -value 179
gui_set_state_value -category Layout -key child_hier_col3 -value {-1}
gui_set_state_value -category Layout -key child_hier_colpd -value 0
gui_set_state_value -category Layout -key child_hier_size_x -value 129
gui_set_state_value -category Layout -key child_hier_size_y -value 475
gui_set_state_value -category Layout -key child_list_down -value 179
gui_set_state_value -category Layout -key child_list_right -value 444
gui_set_state_value -category Layout -key child_source_docknewline -value false
gui_set_state_value -category Layout -key child_source_pos_x -value {-2}
gui_set_state_value -category Layout -key child_source_pos_y -value {-15}
gui_set_state_value -category Layout -key child_source_size_x -value 1163
gui_set_state_value -category Layout -key child_source_size_y -value 470
gui_set_state_value -category Layout -key child_wave_colname -value 210
gui_set_state_value -category Layout -key child_wave_colvalue -value 210
gui_set_state_value -category Layout -key child_wave_left -value 425
gui_set_state_value -category Layout -key child_wave_right -value 1036
gui_set_state_value -category Layout -key main_pos_x -value 8
gui_set_state_value -category Layout -key main_pos_y -value 31
gui_set_state_value -category Layout -key main_size_x -value 1496
gui_set_state_value -category Layout -key main_size_y -value 784
gui_set_state_value -category Layout -key stand_list_child_pos_x -value {-2}
gui_set_state_value -category Layout -key stand_list_child_pos_y -value {-15}
gui_set_state_value -category Layout -key stand_list_child_size_x -value 604
gui_set_state_value -category Layout -key stand_list_child_size_y -value 324
gui_set_state_value -category Layout -key stand_list_top_pos_y -value 31
gui_set_state_value -category Layout -key stand_list_top_size_x -value 1099
gui_set_state_value -category Layout -key stand_list_top_size_y -value 530
gui_set_state_value -category Layout -key stand_wave_child_docknewline -value false
gui_set_state_value -category Layout -key stand_wave_child_pos_x -value {-2}
gui_set_state_value -category Layout -key stand_wave_child_pos_y -value {-15}
gui_set_state_value -category Layout -key stand_wave_child_size_x -value 1471
gui_set_state_value -category Layout -key stand_wave_child_size_y -value 670
gui_set_state_value -category Layout -key stand_wave_top_pos_x -value 11
gui_set_state_value -category Layout -key stand_wave_top_pos_y -value 43
gui_set_state_value -category Layout -key stand_wave_top_size_x -value 1477
gui_set_state_value -category Layout -key stand_wave_top_size_y -value 817
gui_create_state_key -category FindDialog -key m_pMatchCase -value_type bool -value false
gui_create_state_key -category FindDialog -key m_pMatchWord -value_type bool -value false
gui_create_state_key -category FindDialog -key m_pUseCombo -value_type string -value {}
gui_create_state_key -category FindDialog -key m_pWrapAround -value_type bool -value true
gui_create_state_key -category Widget_History -key TopLevel.2|EkTopVbox|wndWorkspace|qt_workspacechild2|Wave.1|left|filterVBox|controlHBox|unnamed -value_type string -value *head
gui_create_state_key -category Widget_History -key {dlgSimSetup|m_setupTab|tab pages|SimTab|m_VPDCombo} -value_type string -value inter.vpd
gui_create_state_key -category Widget_History -key {dlgSimSetup|m_setupTab|tab pages|SimTab|m_argsCombo} -value_type string -value +SIMPLE
gui_create_state_key -category Widget_History -key {dlgSimSetup|m_setupTab|tab pages|SimTab|m_curDirCombo} -value_type string -value /afs/ece.cmu.edu/usr/cabernar/Private/18341/p5-usb-team-28-cabernar
gui_create_state_key -category Widget_History -key {dlgSimSetup|m_setupTab|tab pages|SimTab|m_exeCombo} -value_type string -value ./simv
gui_state_default_create -off

# Begin command logging
gui_sim_run Ucli -exe ./simv -args {-ucligui  } -dir .
gui_list_expand -id  Hier.1   TB
gui_list_select -id Hier.1 -current_item_name TB.core -current_item_type Scope  -selected  { TB.core   }
gui_list_select -id Data.1 -selected  { TB.core.clock   }
gui_list_select -id Data.1 -selected  { TB.core.clock  TB.core.reset_n   }
gui_list_select -id Data.1 -selected  { TB.core.clock  TB.core.reset_n  TB.core.ctrl_E   }
gui_list_select -id Data.1 -selected  { TB.core.clock  TB.core.reset_n  TB.core.ctrl_E  TB.core.ctrl_D   }
gui_list_select -id Data.1 -selected  { TB.core.clock  TB.core.reset_n  TB.core.ctrl_E  TB.core.ctrl_D  TB.core.ctrl_F   }
gui_list_select -id Data.1 -selected  { TB.core.clock  TB.core.reset_n  TB.core.ctrl_E  TB.core.ctrl_D  TB.core.ctrl_F  TB.core.ctrl_W   }
gui_list_select -id Data.1 -selected  { TB.core.clock  TB.core.reset_n  TB.core.ctrl_E  TB.core.ctrl_D  TB.core.ctrl_F  TB.core.ctrl_W  {TB.core.instr_D[14:0]}   }
gui_open_window Wave
gui_list_add -id Wave.1 -from Data.1 { TB.core.clock TB.core.reset_n {TB.core.instr_D[14:0]} TB.core.ctrl_D TB.core.ctrl_E TB.core.ctrl_F TB.core.ctrl_W } -insertionbar
gui_sim_continue  
gui_wv_scroll_hslidermove -id  Wave.1 0
gui_list_create_group_when_add -wave -enable
gui_list_select -id Data.1 -selected  { TB.core.clock  TB.core.reset_n  TB.core.ctrl_E  TB.core.ctrl_D  TB.core.ctrl_F  TB.core.ctrl_W  {TB.core.instr_D[14:0]}  {TB.core.pc_F[11:0]}   }
gui_list_select -id Data.1 -selected  { TB.core.clock  TB.core.reset_n  TB.core.ctrl_E  TB.core.ctrl_D  TB.core.ctrl_F  TB.core.ctrl_W  {TB.core.instr_D[14:0]}  {TB.core.pc_F[11:0]}  {TB.core.pc_1_F[11:0]}   }
gui_list_select -id Data.1 -selected  { TB.core.clock  TB.core.reset_n  TB.core.ctrl_E  TB.core.ctrl_D  TB.core.ctrl_F  TB.core.ctrl_W  {TB.core.instr_D[14:0]}  {TB.core.pc_F[11:0]}  {TB.core.pc_1_F[11:0]}  {TB.core.next_pc_F[11:0]}   }
gui_list_add -id Wave.1 -from Data.1 { TB.core.clock TB.core.reset_n {TB.core.pc_F[11:0]} {TB.core.pc_1_F[11:0]} {TB.core.next_pc_F[11:0]} {TB.core.instr_D[14:0]} TB.core.ctrl_D TB.core.ctrl_E TB.core.ctrl_F TB.core.ctrl_W } -insertionbar
gui_list_collapse -id  Wave.1   Group1
gui_sim_restart
gui_sim_continue  
gui_wv_scroll_hslidermove -id  Wave.1 0
gui_wv_scroll_hslidermove -id  Wave.1 0
