17:20:30    61 --> ...                                              [tcl] ucliGUI::start /afs/ece.cmu.edu/usr/cabernar/Private/capstone/virtualagc/sv/simv -ucligui 
17:20:30    62 --> ...                                                  [tcl] set ucliGUI::state
17:20:30    63 --> ...                                                      [tcl] gui_update_simulator_buttons
17:20:31    64 --> ...                                                          [tcl] set ucliGUI::state
17:20:31    65 --> ...                                                              [tcl] ucliCore::getToolPID
17:20:31    66 --> ...                                                                  [tcl] synopsys::env hasTB
17:20:31    67 --> ...                                                                      [tcl] trigger_hier_stack_context_switch 0
17:20:31    68 --> ...                                                                          [tcl] synUtils::setDVEInitPhase 1
17:20:31    69 --> ...                                                                              [tcl] gui_get_env SIMSETUP::SIMVPD
17:20:31    70 --> ...                                                                                  [tcl] synopsys::dump -type VPD -file /afs/ece.cmu.edu/usr/cabernar/Private/capstone/virtualagc/sv/inter.vpd -locking
17:20:31    71 --> ...                                                                                      [tcl] synopsys::dump -autoflush on -fid VPD1
17:20:31    72 --> ...                                                                                          [tcl] set ::dve_fid VPD1
17:20:31    73 --> ...                                                                                              [tcl] synUtils::setDVEInitPhase 0
17:20:31    74 --> ...                                                                                                  [tcl] ucliCore::getToolPID
17:20:31    75 --> ...  [tcl] synUtils::sendTool -active _icl_setToolSocket /tmp/smlnpLiqdMi
17:20:31    76 --> ...      [tcl] synUtils::sendTool -active {_icl_start_rpc -version "K-2015.09_Full64" -sync_file /tmp/vcs_dve_rpc.cabernar.6903}
17:20:31    77 --> ...          [tcl] synUtils::sendTool -active {_icl_createSharedMemory /tmp/vcs_dve_general.cabernar.6903}
17:20:31    78 --> ...              [tcl] config endofsim noexit
17:20:31    79 --> ...                  [tcl] config onfail enable all
17:20:31    80 --> ...                      [tcl] config syscaddplainmembers
17:20:31    81 --> ...                          [tcl] config syscaddsourcenames
17:20:31    82 --> ...                              [tcl] config syscaddstructtypes
17:20:31    83 --> ...                                  [tcl] synopsys::listing -disable
17:20:31    84 --> ...                                      [tcl] # Begin_DVE_Session_Save_Info
17:20:31    85 --> ...                                          [tcl] # DVE restart session
17:20:31    86 --> ...                                              [tcl] # Saved on Tue Mar 29 17:20:30 2022
17:20:31    87 --> ...                                                  [tcl] # Designs open: 1
17:20:31    88 --> ...                                                      [tcl] #   Sim: /afs/ece.cmu.edu/usr/cabernar/Private/capstone/virtualagc/sv/simv
17:20:31    89 --> ...                                                          [tcl] # Toplevel windows open: 3
17:20:31    90 --> ...                                                              [tcl] # 	TopLevel.1
17:20:31    91 --> ...                                                                  [tcl] # 	TopLevel.2
17:20:31    92 --> ...                                                                      [tcl] # 	TopLevel.3
17:20:31    93 --> ...                                                                          [tcl] #   Source.1: _vcs_unit__546175923
17:20:31    94 --> ...                                                                              [tcl] #   Wave.1: 12 signals
17:20:31    95 --> ...                                                                                  [tcl] #   Wave.2: 1 signals
17:20:31    96 --> ...                                                                                      [tcl] #   Group count = 2
17:20:31    97 --> ...                                                                                          [tcl] #   Group Group1 signal count = 12
17:20:31    98 --> ...                                                                                              [tcl] #   Group Group2 signal count = 1
17:20:31    99 --> ...                                                                                                  [tcl] # End_DVE_Session_Save_Info
17:20:31    100 --> ...  [tcl] # DVE version: K-2015.09_Full64
17:20:31    101 --> ...      [tcl] # DVE build date: Aug 25 2015 21:36:02
17:20:31    102 --> ...          [tcl] #<Session mode="Restart" path=".restartSimSession.tcl" type="Debug">
17:20:31    103 --> ...              [tcl] gui_set_loading_session_type Restart
17:20:31    104 --> ...                  [tcl] gui_continuetime_set
17:20:31    105 --> ...                      [tcl] gui_clear_window -type Wave
17:20:31    106 --> ...                          [tcl] gui_clear_window -type List
17:20:31    107 --> ...                              [tcl] # Application preferences
17:20:31    108 --> ...                                  [tcl] gui_set_pref_value -key app_default_font -value {Helvetica,10,-1,5,50,0,0,0,0,0}
17:20:31    109 --> ...                                      [tcl] gui_src_preferences -tabstop 8 -maxbits 24 -windownumber 1
17:20:31    110 --> ...                                          [tcl] #<WindowLayout>
17:20:31    111 --> ...                                              [tcl] # DVE top-level session
17:20:31    112 --> ...                                                  [tcl] # Create and position top-level window: TopLevel.1
17:20:31    113 --> ...                                                      [tcl] set TopLevel.1 TopLevel.1
17:20:31    114 --> ...                                                          [tcl] # Docked window settings
17:20:31    115 --> ...                                                              [tcl] set HSPane.1 HSPane.1
17:20:31    116 --> ...                                                                  [tcl] set Hier.1 Hier.1
17:20:31    117 --> ...                                                                      [tcl] set DLPane.1 DLPane.1
17:20:31    118 --> ...                                                                          [tcl] set Data.1 Data.1
17:20:31    119 --> ...                                                                              [tcl] set Console.1 Console.1
17:20:31    120 --> ...                                                                                  [tcl] gui_sync_global -id ${TopLevel.1} -option true
17:20:32    121 --> ...                                                                                      [tcl] # MDI window settings
17:20:32    122 --> ...                                                                                          [tcl] set Source.1 Source.1
17:20:32    123 --> ...                                                                                              [tcl] gui_update_layout -id ${Source.1} {{show_state maximized} {dock_state undocked} {dock_on_new_line false}}
17:20:32    124 --> ...                                                                                                  [tcl] # End MDI window settings
17:20:32    125 --> ...  [tcl] # Create and position top-level window: TopLevel.2
17:20:32    126 --> ...      [tcl] set TopLevel.2 TopLevel.2
17:20:32    127 --> ...          [tcl] # Docked window settings
17:20:32    128 --> ...              [tcl] gui_sync_global -id ${TopLevel.2} -option true
17:20:32    129 --> ...                  [tcl] # MDI window settings
17:20:32    130 --> ...                      [tcl] set Wave.1 Wave.1
17:20:32    131 --> ...                          [tcl] gui_update_layout -id ${Wave.1} {{show_state maximized} {dock_state undocked} {dock_on_new_line false} {child_wave_left 423} {child_wave_right 1031} {child_wave_colname 209} {child_wave_colvalue 209} {child_wave_col1 0} {child_wave_col2 1}}
17:20:32    132 --> ...                              [tcl] # End MDI window settings
17:20:32    133 --> ...                                  [tcl] # Create and position top-level window: TopLevel.3
17:20:32    134 --> ...                                      [tcl] set TopLevel.3 TopLevel.3
17:20:32    135 --> ...                                          [tcl] # Docked window settings
17:20:32    136 --> ...                                              [tcl] gui_sync_global -id ${TopLevel.3} -option true
17:20:32    137 --> ...                                                  [tcl] # MDI window settings
17:20:32    138 --> ...                                                      [tcl] set Wave.2 Wave.2
17:20:32    139 --> ...                                                          [tcl] gui_update_layout -id ${Wave.2} {{show_state maximized} {dock_state undocked} {dock_on_new_line false} {child_wave_left 423} {child_wave_right 1031} {child_wave_colname 209} {child_wave_colvalue 209} {child_wave_col1 0} {child_wave_col2 1}}
17:20:32    140 --> ...                                                              [tcl] # End MDI window settings
17:20:32    141 --> ...                                                                  [tcl] #</WindowLayout>
17:20:32    142 --> ...                                                                      [tcl] #<Database>
17:20:32    143 --> ...                                                                          [tcl] gui_set_precision 1ps
17:20:32    144 --> ...                                                                              [tcl] gui_set_time_units 1ps
17:20:32    145 --> ...                                                                                  [tcl] #</Database>
17:20:32    146 --> ...                                                                                      [tcl] # DVE Global setting session:
17:20:32    147 --> ...                                                                                          [tcl] # Global: Breakpoints
17:20:32    148 --> ...                                                                                              [tcl] # Global: Bus
17:20:32    149 --> ...                                                                                                  [tcl] # Global: Expressions
17:20:32    150 --> ...  [tcl] # Global: Signal Time Shift
17:20:32    151 --> ...      [tcl] # Global: Signal Compare
17:20:32    152 --> ...          [tcl] # Global: Signal Groups
17:20:32    153 --> ...              [tcl] set _session_group_1 Group1
17:20:32    154 --> ...                  [tcl] gui_sg_create "$_session_group_1"
17:20:32    155 --> ...                      [tcl] set Group1 "$_session_group_1"
17:20:32    156 --> ...                          [tcl] gui_sg_addsignal -group "$_session_group_1" { TB.core.clock TB.core.reset_n TB.core.pc_F TB.core.pc_1_F TB.core.next_pc_F TB.core.pc_E TB.core.pc_D TB.core.instr_D TB.core.ctrl_D TB.core.ctrl_E TB.core.ctrl_F TB.core.ctrl_W }
17:20:32    157 --> ...                              [tcl] set _session_group_2 Group2
17:20:32    158 --> ...                                  [tcl] gui_sg_create "$_session_group_2"
17:20:32    159 --> ...                                      [tcl] set Group2 "$_session_group_2"
17:20:32    160 --> ...                                          [tcl] gui_sg_addsignal -group "$_session_group_2" { TB.core.Decoder.recent_reset }
17:20:32    161 --> ...                                              [tcl] # Global: Highlighting
17:20:32    162 --> ...                                                  [tcl] # Global: Stack
17:20:32    163 --> ...                                                      [tcl] gui_change_stack_mode -mode list
17:20:32    164 --> ...                                                          [tcl] synopsys::xml {set_only_active_frame <data value="1" />}
17:20:32    165 --> ...                                                              [tcl] # Post database loading setting...
17:20:32    166 --> ...                                                                  [tcl] # Save global setting...
17:20:32    167 --> ...                                                                      [tcl] # Wave/List view global setting
17:20:32    168 --> ...                                                                          [tcl] gui_cov_show_value -switch false
17:20:32    169 --> ...                                                                              [tcl] # Close all empty TopLevel windows
17:20:32    170 --> ...                                                                                  [tcl] foreach __top [gui_ekki_get_window_ids -type TopLevel] {     if { [llength [gui_ekki_get_window_ids -parent $__top]] == 0} {         gui_close_window -window $__top     } }
17:20:32    171 --> ...                                                                                      [tcl] gui_set_loading_session_type noSession
17:20:32    172 --> ...                                                                                          [tcl] # DVE View/pane content session:
17:20:32    173 --> ...                                                                                              [tcl] # Hier 'Hier.1'
17:20:32    174 --> ...                                                                                                  [tcl] gui_show_window -window ${Hier.1}
17:20:32    175 --> ...  [tcl] gui_list_set_filter -id ${Hier.1} -list { {Package 1} {All 0} {Process 1} {VirtPowSwitch 0} {UnnamedProcess 1} {UDP 0} {Function 1} {Block 1} {SrsnAndSpaCell 0} {OVA Unit 1} {LeafScCell 1} {LeafVlgCell 1} {Interface 1} {LeafVhdCell 1} {$unit 1} {NamedBlock 1} {Task 1} {VlgPackage 1} {ClassDef 1} {VirtIsoCell 0} }
17:20:32    176 --> ...      [tcl] gui_list_set_filter -id ${Hier.1} -text {*}
17:20:32    177 --> ...          [tcl] gui_change_design -id ${Hier.1} -design Sim
17:20:32    178 --> ...              [tcl] catch {gui_list_expand -id ${Hier.1} TB}
17:20:32    179 --> ...                  [tcl] catch {gui_list_expand -id ${Hier.1} TB.core}
17:20:32    180 --> ...                      [tcl] catch {gui_list_select -id ${Hier.1} {TB.core.Decoder}}
17:20:32    181 --> ...                          [tcl] dveMisc::vbusExpand TB.core.Decoder
17:20:32    182 --> ...                              [tcl] gui_view_scroll -id ${Hier.1} -vertical -set 0
17:20:32    183 --> ...                                  [tcl] gui_view_scroll -id ${Hier.1} -horizontal -set 0
17:20:32    184 --> ...                                      [tcl] # Data 'Data.1'
17:20:32    185 --> ...                                          [tcl] gui_list_set_filter -id ${Data.1} -list { {Buffer 1} {Input 1} {Others 1} {Linkage 1} {Output 1} {LowPower 1} {Parameter 1} {All 1} {Aggregate 1} {LibBaseMember 1} {Event 1} {Assertion 1} {Constant 1} {Interface 1} {BaseMembers 1} {Signal 1} {$unit 1} {Inout 1} {Variable 1} }
17:20:32    186 --> ...                                              [tcl] gui_list_set_filter -id ${Data.1} -text {*}
17:20:32    187 --> ...                                                  [tcl] gui_list_show_data -id ${Data.1} {TB.core.Decoder}
17:20:32    188 --> ...                                                      [tcl] gui_show_window -window ${Data.1}
17:20:32    189 --> ...                                                          [tcl] catch { gui_list_select -id ${Data.1} {TB.core.Decoder.recent_reset }}
17:20:32    190 --> ...                                                              [tcl] gui_view_scroll -id ${Data.1} -vertical -set 59
17:20:32    191 --> ...                                                                  [tcl] gui_view_scroll -id ${Data.1} -horizontal -set 0
17:20:32    192 --> ...                                                                      [tcl] gui_view_scroll -id ${Hier.1} -vertical -set 0
17:20:32    193 --> ...                                                                          [tcl] gui_view_scroll -id ${Hier.1} -horizontal -set 0
17:20:32    194 --> ...                                                                              [tcl] # Source 'Source.1'
17:20:32    195 --> ...                                                                                  [tcl] gui_src_value_annotate -id ${Source.1} -switch false
17:20:32    196 --> ...                                                                                      [tcl] gui_set_env TOGGLE::VALUEANNOTATE 0
17:20:32    197 --> ...                                                                                          [tcl] gui_open_source -id ${Source.1}  -replace -active _vcs_unit__546175923 /afs/ece.cmu.edu/usr/cabernar/Private/capstone/virtualagc/sv/top.sv
17:20:32    198 --> ...                                                                                              [tcl] gui_view_scroll -id ${Source.1} -vertical -set 0
17:20:32    199 --> ...                                                                                                  [tcl] gui_src_set_reusable -id ${Source.1}
17:20:32    200 --> ...  [tcl] # View 'Wave.1'
17:20:32    201 --> ...      [tcl] gui_wv_sync -id ${Wave.1} -switch false
17:20:32    202 --> ...          [tcl] set groupExD [gui_get_pref_value -category Wave -key exclusiveSG]
17:20:32    203 --> ...              [tcl] gui_set_pref_value -category Wave -key exclusiveSG -value {false}
17:20:32    204 --> ...                  [tcl] set origWaveHeight [gui_get_pref_value -category Wave -key waveRowHeight]
17:20:32    205 --> ...                      [tcl] gui_list_set_height -id Wave -height 25
17:20:32    206 --> ...                          [tcl] set origGroupCreationState [gui_list_create_group_when_add -wave]
17:20:32    207 --> ...                              [tcl] gui_list_create_group_when_add -wave -disable
17:20:32    208 --> ...                                  [tcl] gui_wv_zoom_timerange -id ${Wave.1} 0 337
17:20:32    209 --> ...                                      [tcl] gui_list_add_group -id ${Wave.1} -after {New Group} {Group1}
17:20:32    210 --> ...                                          [tcl] synopsys::dump -add {TB.core.clock TB.core.ctrl_D TB.core.ctrl_E TB.core.ctrl_F TB.core.ctrl_W TB.core.instr_D TB.core.next_pc_F TB.core.pc_1_F TB.core.pc_D TB.core.pc_E TB.core.pc_F TB.core.reset_n } -aggregates  -fid VPD1
17:20:32    211 --> ...                                              [tcl] gui_seek_criteria -id ${Wave.1} {Any Edge}
17:20:32    212 --> ...                                                  [tcl] gui_set_pref_value -category Wave -key exclusiveSG -value $groupExD
17:20:32    213 --> ...                                                      [tcl] gui_list_set_height -id Wave -height $origWaveHeight
17:20:32    214 --> ...                                                          [tcl] if {$origGroupCreationState} { 	gui_list_create_group_when_add -wave -enable }
17:20:32    215 --> ...                                                              [tcl] if { $groupExD } {  gui_msg_report -code DVWW028 }
17:20:32    216 --> ...                                                                  [tcl] gui_list_set_filter -id ${Wave.1} -list { {Buffer 1} {Input 1} {Others 1} {Linkage 1} {Output 1} {Parameter 1} {All 1} {Aggregate 1} {LibBaseMember 1} {Event 1} {Assertion 1} {Constant 1} {Interface 1} {BaseMembers 1} {Signal 1} {$unit 1} {Inout 1} {Variable 1} }
17:20:32    217 --> ...                                                                      [tcl] gui_list_set_filter -id ${Wave.1} -text {*}
17:20:32    218 --> ...                                                                          [tcl] gui_list_set_insertion_bar  -id ${Wave.1} -group Group1  -position in
17:20:32    219 --> ...                                                                              [tcl] gui_view_scroll -id ${Wave.1} -vertical -set 0
17:20:32    220 --> ...                                                                                  [tcl] gui_show_grid -id ${Wave.1} -enable false
17:20:32    221 --> ...                                                                                      [tcl] # View 'Wave.2'
17:20:32    222 --> ...                                                                                          [tcl] gui_wv_sync -id ${Wave.2} -switch false
17:20:32    223 --> ...                                                                                              [tcl] set groupExD [gui_get_pref_value -category Wave -key exclusiveSG]
17:20:32    224 --> ...                                                                                                  [tcl] gui_set_pref_value -category Wave -key exclusiveSG -value {false}
17:20:32    225 --> ...  [tcl] set origWaveHeight [gui_get_pref_value -category Wave -key waveRowHeight]
17:20:32    226 --> ...      [tcl] gui_list_set_height -id Wave -height 25
17:20:32    227 --> ...          [tcl] set origGroupCreationState [gui_list_create_group_when_add -wave]
17:20:32    228 --> ...              [tcl] gui_list_create_group_when_add -wave -disable
17:20:32    229 --> ...                  [tcl] gui_wv_zoom_timerange -id ${Wave.2} 0 337
17:20:32    230 --> ...                      [tcl] gui_list_add_group -id ${Wave.2} -after {New Group} {Group2}
17:20:32    231 --> ...                          [tcl] synopsys::dump -add {TB.core.Decoder.recent_reset } -aggregates  -fid VPD1
17:20:32    232 --> ...                              [tcl] gui_seek_criteria -id ${Wave.2} {Any Edge}
17:20:32    233 --> ...                                  [tcl] gui_set_env TOGGLE::DEFAULT_WAVE_WINDOW ${Wave.2}
17:20:32    234 --> ...                                      [tcl] gui_set_pref_value -category Wave -key exclusiveSG -value $groupExD
17:20:32    235 --> ...                                          [tcl] gui_list_set_height -id Wave -height $origWaveHeight
17:20:32    236 --> ...                                              [tcl] if {$origGroupCreationState} { 	gui_list_create_group_when_add -wave -enable }
17:20:32    237 --> ...                                                  [tcl] if { $groupExD } {  gui_msg_report -code DVWW028 }
17:20:32    238 --> ...                                                      [tcl] gui_list_set_filter -id ${Wave.2} -list { {Buffer 1} {Input 1} {Others 1} {Linkage 1} {Output 1} {Parameter 1} {All 1} {Aggregate 1} {LibBaseMember 1} {Event 1} {Assertion 1} {Constant 1} {Interface 1} {BaseMembers 1} {Signal 1} {$unit 1} {Inout 1} {Variable 1} }
17:20:32    239 --> ...                                                          [tcl] gui_list_set_filter -id ${Wave.2} -text {*}
17:20:32    240 --> ...                                                              [tcl] gui_list_set_insertion_bar  -id ${Wave.2} -group Group2  -position in
17:20:32    241 --> ...                                                                  [tcl] gui_view_scroll -id ${Wave.2} -vertical -set 0
17:20:32    242 --> ...                                                                      [tcl] gui_show_grid -id ${Wave.2} -enable false
17:20:32    243 --> ...                                                                          [tcl] # Restore toplevel window zorder
17:20:32    244 --> ...                                                                              [tcl] # The toplevel window could be closed if it has no view/pane
17:20:32    245 --> ...                                                                                  [tcl] if {[gui_exist_window -window ${TopLevel.2}]} { 	gui_set_active_window -window ${TopLevel.2} 	gui_set_active_window -window ${Wave.1} }
17:20:32    246 --> ...                                                                                      [tcl] if {[gui_exist_window -window ${TopLevel.1}]} { 	gui_set_active_window -window ${TopLevel.1} 	gui_set_active_window -window ${Source.1} 	gui_set_active_window -window ${DLPane.1} }
17:20:32    247 --> ...                                                                                          [tcl] if {[gui_exist_window -window ${TopLevel.3}]} { 	gui_set_active_window -window ${TopLevel.3} 	gui_set_active_window -window ${Wave.2} }
17:20:32    248 --> ...                                                                                              [tcl] #</Session>
17:20:33    249 --> ...                                                                                                  [tcl] synopsys::run
17:20:33    250 --> ...  [tcl] set ucliGUI::state
17:20:33    251 --> ...      [tcl] set ucliGUI::state
17:20:33    252 --> ...          [tcl] gui_update_simulator_buttons
17:20:33    253 --> ...              [tcl] set ucliGUI::state
17:20:33    254 --> ...                  [tcl] set ucliGUI::state
17:20:33    255 --> ...                      [tcl] catch {senv activeDomain} dveMisc::result 
17:20:33    256 --> ...                          [tcl] set dveMisc::result
17:20:33    257 --> ...                              [tcl] gui_update_simulator_buttons
17:20:33    258 --> ...                                  [tcl] dveMisc::vbusExpand _vcs_unit__546175923
