This file contains any messages produced by compilers while
running configure, to aid debugging if configure makes a mistake.

It was created by configure, which was
generated by GNU Autoconf 2.57.  Invocation command line was

  $ ./configure --prefix=/home/rburkey

## --------- ##
## Platform. ##
## --------- ##

hostname = workstation
uname -m = i686
uname -r = 2.4.21-291-default
uname -s = Linux
uname -v = #1 Tue May 24 11:43:42 UTC 2005

/usr/bin/uname -p = unknown
/bin/uname -X     = unknown

/bin/arch              = i686
/usr/bin/arch -k       = unknown
/usr/convex/getsysinfo = unknown
hostinfo               = unknown
/bin/machine           = unknown
/usr/bin/oslevel       = unknown
/bin/universe          = unknown

PATH: /usr/local/yaAGC/bin
PATH: /usr/local/yaAGC/bin
PATH: /home/rburkey/bin
PATH: /usr/local/bin
PATH: /usr/bin
PATH: /usr/X11R6/bin
PATH: /bin
PATH: /usr/games
PATH: /opt/gnome/bin
PATH: /opt/kde3/bin
PATH: /usr/lib/java/jre/bin


## ----------- ##
## Core tests. ##
## ----------- ##

configure:1268: checking for a BSD-compatible install
configure:1322: result: /usr/bin/install -c
configure:1333: checking whether build environment is sane
configure:1376: result: yes
configure:1409: checking for gawk
configure:1425: found /usr/bin/gawk
configure:1435: result: gawk
configure:1445: checking whether make sets $(MAKE)
configure:1465: result: yes
configure:1631: checking whether to enable maintainer-specific portions of Makefiles
configure:1640: result: no
configure:1668: checking for style of include used by make
configure:1696: result: GNU
configure:1767: checking for gcc
configure:1783: found /usr/local/bin/gcc
configure:1793: result: gcc
configure:2037: checking for C compiler version
configure:2040: gcc --version </dev/null >&5
gcc (GCC) 3.3.1 (SuSE Linux)
Copyright (C) 2003 Free Software Foundation, Inc.
This is free software; see the source for copying conditions.  There is NO
warranty; not even for MERCHANTABILITY or FITNESS FOR A PARTICULAR PURPOSE.

configure:2043: $? = 0
configure:2045: gcc -v </dev/null >&5
Reading specs from /usr/lib/gcc-lib/i586-suse-linux/3.3.1/specs
Configured with: ../configure --enable-threads=posix --prefix=/usr --with-local-prefix=/usr/local --infodir=/usr/share/info --mandir=/usr/share/man --libdir=/usr/lib --enable-languages=c,c++,f77,objc,java,ada --disable-checking --enable-libgcj --with-gxx-include-dir=/usr/include/g++ --with-slibdir=/lib --with-system-zlib --enable-shared --enable-__cxa_atexit i586-suse-linux
Thread model: posix
gcc version 3.3.1 (SuSE Linux)
configure:2048: $? = 0
configure:2050: gcc -V </dev/null >&5
gcc: `-V' option must have argument
configure:2053: $? = 1
configure:2077: checking for C compiler default output
configure:2080: gcc    conftest.c  >&5
configure:2083: $? = 0
configure:2129: result: a.out
configure:2134: checking whether the C compiler works
configure:2140: ./a.out
configure:2143: $? = 0
configure:2160: result: yes
configure:2167: checking whether we are cross compiling
configure:2169: result: no
configure:2172: checking for suffix of executables
configure:2174: gcc -o conftest    conftest.c  >&5
configure:2177: $? = 0
configure:2202: result: 
configure:2208: checking for suffix of object files
configure:2230: gcc -c   conftest.c >&5
configure:2233: $? = 0
configure:2255: result: o
configure:2259: checking whether we are using the GNU C compiler
configure:2284: gcc -c   conftest.c >&5
configure:2287: $? = 0
configure:2290: test -s conftest.o
configure:2293: $? = 0
configure:2306: result: yes
configure:2312: checking whether gcc accepts -g
configure:2334: gcc -c -g  conftest.c >&5
configure:2337: $? = 0
configure:2340: test -s conftest.o
configure:2343: $? = 0
configure:2354: result: yes
configure:2371: checking for gcc option to accept ANSI C
configure:2432: gcc  -c -g -O2  conftest.c >&5
configure:2435: $? = 0
configure:2438: test -s conftest.o
configure:2441: $? = 0
configure:2459: result: none needed
configure:2477: gcc -c -g -O2  conftest.c >&5
conftest.c:2: error: parse error before "me"
configure:2480: $? = 1
configure: failed program was:
| #ifndef __cplusplus
|   choke me
| #endif
configure:2591: checking dependency style of gcc
configure:2674: result: gcc3
configure:2693: checking for strerror in -lcposix
configure:2724: gcc -o conftest -g -O2   conftest.c -lcposix   >&5
/usr/lib/gcc-lib/i586-suse-linux/3.3.1/../../../../i586-suse-linux/bin/ld: cannot find -lcposix
collect2: ld returned 1 exit status
configure:2727: $? = 1
configure: failed program was:
| #line 2700 "configure"
| /* confdefs.h.  */
| 
| #define PACKAGE_NAME ""
| #define PACKAGE_TARNAME ""
| #define PACKAGE_VERSION ""
| #define PACKAGE_STRING ""
| #define PACKAGE_BUGREPORT ""
| #define PACKAGE "yaTelemetry"
| #define VERSION "0.1"
| /* end confdefs.h.  */
| 
| /* Override any gcc2 internal prototype to avoid an error.  */
| #ifdef __cplusplus
| extern "C"
| #endif
| /* We use char because int might match the return type of a gcc2
|    builtin and then its argument prototype would still apply.  */
| char strerror ();
| int
| main ()
| {
| strerror ();
|   ;
|   return 0;
| }
configure:2745: result: no
configure:2799: checking for gcc
configure:2825: result: gcc
configure:3069: checking for C compiler version
configure:3072: gcc --version </dev/null >&5
gcc (GCC) 3.3.1 (SuSE Linux)
Copyright (C) 2003 Free Software Foundation, Inc.
This is free software; see the source for copying conditions.  There is NO
warranty; not even for MERCHANTABILITY or FITNESS FOR A PARTICULAR PURPOSE.

configure:3075: $? = 0
configure:3077: gcc -v </dev/null >&5
Reading specs from /usr/lib/gcc-lib/i586-suse-linux/3.3.1/specs
Configured with: ../configure --enable-threads=posix --prefix=/usr --with-local-prefix=/usr/local --infodir=/usr/share/info --mandir=/usr/share/man --libdir=/usr/lib --enable-languages=c,c++,f77,objc,java,ada --disable-checking --enable-libgcj --with-gxx-include-dir=/usr/include/g++ --with-slibdir=/lib --with-system-zlib --enable-shared --enable-__cxa_atexit i586-suse-linux
Thread model: posix
gcc version 3.3.1 (SuSE Linux)
configure:3080: $? = 0
configure:3082: gcc -V </dev/null >&5
gcc: `-V' option must have argument
configure:3085: $? = 1
configure:3088: checking whether we are using the GNU C compiler
configure:3135: result: yes
configure:3141: checking whether gcc accepts -g
configure:3183: result: yes
configure:3200: checking for gcc option to accept ANSI C
configure:3288: result: none needed
configure:3306: gcc -c -g -O2  conftest.c >&5
conftest.c:2: error: parse error before "me"
configure:3309: $? = 1
configure: failed program was:
| #ifndef __cplusplus
|   choke me
| #endif
configure:3420: checking dependency style of gcc
configure:3503: result: gcc3
configure:3523: checking for gcc option to accept ANSI C
configure:3587: gcc  -c -g -O2  conftest.c >&5
configure:3590: $? = 0
configure:3593: test -s conftest.o
configure:3596: $? = 0
configure:3611: result: none needed
configure:3627: checking how to run the C preprocessor
configure:3663: gcc -E  conftest.c
configure:3669: $? = 0
configure:3701: gcc -E  conftest.c
configure:3702:28: ac_nonexistent.h: No such file or directory
configure:3707: $? = 1
configure: failed program was:
| #line 3692 "configure"
| /* confdefs.h.  */
| 
| #define PACKAGE_NAME ""
| #define PACKAGE_TARNAME ""
| #define PACKAGE_VERSION ""
| #define PACKAGE_STRING ""
| #define PACKAGE_BUGREPORT ""
| #define PACKAGE "yaTelemetry"
| #define VERSION "0.1"
| /* end confdefs.h.  */
| #include <ac_nonexistent.h>
configure:3745: result: gcc -E
configure:3770: gcc -E  conftest.c
configure:3776: $? = 0
configure:3808: gcc -E  conftest.c
configure:3809:28: ac_nonexistent.h: No such file or directory
configure:3814: $? = 1
configure: failed program was:
| #line 3799 "configure"
| /* confdefs.h.  */
| 
| #define PACKAGE_NAME ""
| #define PACKAGE_TARNAME ""
| #define PACKAGE_VERSION ""
| #define PACKAGE_STRING ""
| #define PACKAGE_BUGREPORT ""
| #define PACKAGE "yaTelemetry"
| #define VERSION "0.1"
| /* end confdefs.h.  */
| #include <ac_nonexistent.h>
configure:3857: checking for egrep
configure:3867: result: grep -E
configure:3872: checking for ANSI C header files
configure:3898: gcc -c -g -O2  conftest.c >&5
configure:3901: $? = 0
configure:3904: test -s conftest.o
configure:3907: $? = 0
configure:3996: gcc -o conftest -g -O2   conftest.c  >&5
configure:3999: $? = 0
configure:4001: ./conftest
configure:4004: $? = 0
configure:4019: result: yes
configure:4037: checking for pkg-config
configure:4055: found /usr/bin/pkg-config
configure:4068: result: /usr/bin/pkg-config
configure:4085: checking for gtk+-2.0 >= 2.0.0
configure:4089: result: yes
configure:4093: checking PACKAGE_CFLAGS
configure:4096: result: -I/opt/gnome/include/gtk-2.0 -I/opt/gnome/lib/gtk-2.0/include -I/opt/gnome/include/atk-1.0 -I/opt/gnome/include/pango-1.0 -I/usr/X11R6/include -I/usr/include/freetype2 -I/opt/gnome/include/glib-2.0 -I/opt/gnome/lib/glib-2.0/include  
configure:4099: checking PACKAGE_LIBS
configure:4102: result: -Wl,--export-dynamic -L/opt/gnome/lib -lgtk-x11-2.0 -lgdk-x11-2.0 -latk-1.0 -lgdk_pixbuf-2.0 -lm -lpangoxft-1.0 -lpangox-1.0 -lpango-1.0 -lgobject-2.0 -lgmodule-2.0 -ldl -lglib-2.0  
configure:4256: creating ./config.status

## ---------------------- ##
## Running config.status. ##
## ---------------------- ##

This file was extended by config.status, which was
generated by GNU Autoconf 2.57.  Invocation command line was

  CONFIG_FILES    = 
  CONFIG_HEADERS  = 
  CONFIG_LINKS    = 
  CONFIG_COMMANDS = 
  $ ./config.status 

on workstation

config.status:659: creating Makefile
config.status:659: creating src/Makefile
config.status:763: creating config.h
config.status:850: config.h is unchanged
config.status:972: executing depfiles commands

## ---------------- ##
## Cache variables. ##
## ---------------- ##

ac_cv_c_compiler_gnu=yes
ac_cv_env_CC_set=
ac_cv_env_CC_value=
ac_cv_env_CFLAGS_set=
ac_cv_env_CFLAGS_value=
ac_cv_env_CPPFLAGS_set=
ac_cv_env_CPPFLAGS_value=
ac_cv_env_CPP_set=
ac_cv_env_CPP_value=
ac_cv_env_LDFLAGS_set=
ac_cv_env_LDFLAGS_value=
ac_cv_env_build_alias_set=
ac_cv_env_build_alias_value=
ac_cv_env_host_alias_set=
ac_cv_env_host_alias_value=
ac_cv_env_target_alias_set=
ac_cv_env_target_alias_value=
ac_cv_exeext=
ac_cv_header_stdc=yes
ac_cv_lib_cposix_strerror=no
ac_cv_objext=o
ac_cv_path_PKG_CONFIG=/usr/bin/pkg-config
ac_cv_path_install='/usr/bin/install -c'
ac_cv_prog_AWK=gawk
ac_cv_prog_CPP='gcc -E'
ac_cv_prog_ac_ct_CC=gcc
ac_cv_prog_cc_g=yes
ac_cv_prog_cc_stdc=
ac_cv_prog_egrep='grep -E'
ac_cv_prog_make_make_set=yes
am_cv_CC_dependencies_compiler_type=gcc3
am_cv_prog_cc_stdc=

## ----------------- ##
## Output variables. ##
## ----------------- ##

ACLOCAL='${SHELL} /Old/home/rburkey/Projects/yaAGC/yaTelemetry/missing --run aclocal-1.7'
AMDEPBACKSLASH='\'
AMDEP_FALSE='#'
AMDEP_TRUE=''
AMTAR='${SHELL} /Old/home/rburkey/Projects/yaAGC/yaTelemetry/missing --run tar'
AUTOCONF='${SHELL} /Old/home/rburkey/Projects/yaAGC/yaTelemetry/missing --run autoconf'
AUTOHEADER='${SHELL} /Old/home/rburkey/Projects/yaAGC/yaTelemetry/missing --run autoheader'
AUTOMAKE='${SHELL} /Old/home/rburkey/Projects/yaAGC/yaTelemetry/missing --run automake-1.7'
AWK='gawk'
CC='gcc'
CCDEPMODE='depmode=gcc3'
CFLAGS='-g -O2'
CPP='gcc -E'
CPPFLAGS=''
CYGPATH_W='echo'
DEFS='-DHAVE_CONFIG_H'
DEPDIR='.deps'
ECHO_C=''
ECHO_N='-n'
ECHO_T=''
EGREP='grep -E'
EXEEXT=''
INSTALL_DATA='${INSTALL} -m 644'
INSTALL_PROGRAM='${INSTALL}'
INSTALL_SCRIPT='${INSTALL}'
INSTALL_STRIP_PROGRAM='${SHELL} $(install_sh) -c -s'
LDFLAGS=''
LIBOBJS=''
LIBS=''
LTLIBOBJS=''
MAINT='#'
MAINTAINER_MODE_FALSE=''
MAINTAINER_MODE_TRUE='#'
MAKEINFO='${SHELL} /Old/home/rburkey/Projects/yaAGC/yaTelemetry/missing --run makeinfo'
OBJEXT='o'
PACKAGE='yaTelemetry'
PACKAGE_BUGREPORT=''
PACKAGE_CFLAGS='-I/opt/gnome/include/gtk-2.0 -I/opt/gnome/lib/gtk-2.0/include -I/opt/gnome/include/atk-1.0 -I/opt/gnome/include/pango-1.0 -I/usr/X11R6/include -I/usr/include/freetype2 -I/opt/gnome/include/glib-2.0 -I/opt/gnome/lib/glib-2.0/include  '
PACKAGE_LIBS='-Wl,--export-dynamic -L/opt/gnome/lib -lgtk-x11-2.0 -lgdk-x11-2.0 -latk-1.0 -lgdk_pixbuf-2.0 -lm -lpangoxft-1.0 -lpangox-1.0 -lpango-1.0 -lgobject-2.0 -lgmodule-2.0 -ldl -lglib-2.0  '
PACKAGE_NAME=''
PACKAGE_STRING=''
PACKAGE_TARNAME=''
PACKAGE_VERSION=''
PATH_SEPARATOR=':'
PKG_CONFIG='/usr/bin/pkg-config'
SET_MAKE=''
SHELL='/bin/sh'
STRIP=''
VERSION='0.1'
ac_ct_CC='gcc'
ac_ct_STRIP=''
am__fastdepCC_FALSE='#'
am__fastdepCC_TRUE=''
am__include='include'
am__leading_dot='.'
am__quote=''
bindir='${exec_prefix}/bin'
build_alias=''
datadir='${prefix}/share'
exec_prefix='${prefix}'
host_alias=''
includedir='${prefix}/include'
infodir='${prefix}/info'
install_sh='/Old/home/rburkey/Projects/yaAGC/yaTelemetry/install-sh'
libdir='${exec_prefix}/lib'
libexecdir='${exec_prefix}/libexec'
localstatedir='${prefix}/var'
mandir='${prefix}/man'
oldincludedir='/usr/include'
prefix='/home/rburkey'
program_transform_name='s,x,x,'
sbindir='${exec_prefix}/sbin'
sharedstatedir='${prefix}/com'
sysconfdir='${prefix}/etc'
target_alias=''

## ----------- ##
## confdefs.h. ##
## ----------- ##

#define PACKAGE "yaTelemetry"
#define PACKAGE_BUGREPORT ""
#define PACKAGE_NAME ""
#define PACKAGE_STRING ""
#define PACKAGE_TARNAME ""
#define PACKAGE_VERSION ""
#define STDC_HEADERS 1
#define VERSION "0.1"

configure: exit 0
